[06:04:2026]-[15:29:07]_daemon_RUNNING
[06:04:2026]-[15:29:07]_daemon_SUCCESS
[06:04:2026]-[15:29:17]_secret_RUNNING
[06:04:2026]-[15:29:17]_secret_SUCCESS
[06:04:2026]-[15:29:17]_surprise_RUNNING
[06:04:2026]-[15:29:17]_surprise_SUCCESS
[06:04:2026]-[15:29:27]_secret_RUNNING
[06:04:2026]-[15:29:27]_secret_SUCCESS
[06:04:2026]-[15:29:27]_surprise_RUNNING
[06:04:2026]-[15:29:27]_surprise_SUCCESS
[06:04:2026]-[15:29:36]_secret_RUNNING
[06:04:2026]-[15:29:36]_secret_SUCCESS
[06:04:2026]-[15:29:36]_surprise_RUNNING
[06:04:2026]-[15:29:36]_surprise_SUCCESS
[06:04:2026]-[15:29:46]_secret_RUNNING
[06:04:2026]-[15:29:46]_secret_SUCCESS
[06:04:2026]-[15:29:46]_surprise_RUNNING
[06:04:2026]-[15:29:46]_surprise_SUCCESS
[06:04:2026]-[15:29:57]_secret_RUNNING
[06:04:2026]-[15:29:57]_secret_SUCCESS
[06:04:2026]-[15:29:57]_surprise_RUNNING
[06:04:2026]-[15:29:57]_surprise_SUCCESS
[06:04:2026]-[15:30:06]_secret_RUNNING
[06:04:2026]-[15:30:06]_secret_SUCCESS
[06:04:2026]-[15:30:06]_surprise_RUNNING
[06:04:2026]-[15:30:06]_surprise_SUCCESS
[06:04:2026]-[15:30:16]_secret_RUNNING
[06:04:2026]-[15:30:16]_secret_SUCCESS
[06:04:2026]-[15:30:16]_surprise_RUNNING
[06:04:2026]-[15:30:16]_surprise_SUCCESS
[06:04:2026]-[15:30:26]_secret_RUNNING
[06:04:2026]-[15:30:26]_secret_SUCCESS
[06:04:2026]-[15:30:26]_surprise_RUNNING
[06:04:2026]-[15:30:26]_surprise_SUCCESS
[06:04:2026]-[15:30:33]_decrypt_RUNNING
[06:04:2026]-[15:30:33]_decrypt_SUCCESS
[06:04:2026]-[15:30:36]_secret_RUNNING
[06:04:2026]-[15:30:36]_secret_SUCCESS
[06:04:2026]-[15:30:36]_surprise_RUNNING
[06:04:2026]-[15:30:36]_surprise_SUCCESS
[06:04:2026]-[15:30:42]_kill_RUNNING
[06:04:2026]-[15:30:42]_kill_SUCCESS
[07:04:2026]-[14:04:35]_daemon_RUNNING
[07:04:2026]-[14:04:35]_daemon_SUCCESS
[07:04:2026]-[14:04:45]_secret_RUNNING
[07:04:2026]-[14:04:45]_secret_SUCCESS
[07:04:2026]-[14:04:45]_surprise_RUNNING
[07:04:2026]-[14:04:45]_surprise_SUCCESS
[07:04:2026]-[14:04:55]_secret_RUNNING
[07:04:2026]-[14:04:55]_secret_SUCCESS
[07:04:2026]-[14:04:55]_surprise_RUNNING
[07:04:2026]-[14:04:55]_surprise_SUCCESS
[07:04:2026]-[14:05:05]_secret_RUNNING
[07:04:2026]-[14:05:05]_secret_SUCCESS
[07:04:2026]-[14:05:05]_surprise_RUNNING
[07:04:2026]-[14:05:05]_surprise_SUCCESS
[07:04:2026]-[14:05:15]_secret_RUNNING
[07:04:2026]-[14:05:15]_secret_SUCCESS
[07:04:2026]-[14:05:15]_surprise_RUNNING
[07:04:2026]-[14:05:15]_surprise_SUCCESS
[07:04:2026]-[14:05:25]_secret_RUNNING
[07:04:2026]-[14:05:25]_secret_SUCCESS
[07:04:2026]-[14:05:25]_surprise_RUNNING
[07:04:2026]-[14:05:25]_surprise_SUCCESS
[07:04:2026]-[14:05:35]_secret_RUNNING
[07:04:2026]-[14:05:35]_secret_SUCCESS
[07:04:2026]-[14:05:35]_surprise_RUNNING
[07:04:2026]-[14:05:35]_surprise_SUCCESS
[07:04:2026]-[14:05:45]_secret_RUNNING
[07:04:2026]-[14:05:45]_secret_SUCCESS
[07:04:2026]-[14:05:45]_surprise_RUNNING
[07:04:2026]-[14:05:45]_surprise_SUCCESS
[07:04:2026]-[14:05:55]_secret_RUNNING
[07:04:2026]-[14:05:55]_secret_SUCCESS
[07:04:2026]-[14:05:55]_surprise_RUNNING
[07:04:2026]-[14:05:55]_surprise_SUCCESS
[07:04:2026]-[14:06:05]_secret_RUNNING
[07:04:2026]-[14:06:05]_secret_SUCCESS
[07:04:2026]-[14:06:05]_surprise_RUNNING
[07:04:2026]-[14:06:05]_surprise_SUCCESS
[07:04:2026]-[14:06:15]_secret_RUNNING
[07:04:2026]-[14:06:15]_secret_SUCCESS
[07:04:2026]-[14:06:15]_surprise_RUNNING
[07:04:2026]-[14:06:15]_surprise_SUCCESS
[07:04:2026]-[14:06:24]_secret_RUNNING
[07:04:2026]-[14:06:24]_secret_SUCCESS
[07:04:2026]-[14:06:24]_surprise_RUNNING
[07:04:2026]-[14:06:24]_surprise_SUCCESS
[07:04:2026]-[14:06:35]_secret_RUNNING
[07:04:2026]-[14:06:35]_secret_SUCCESS
[07:04:2026]-[14:06:35]_surprise_RUNNING
[07:04:2026]-[14:06:35]_surprise_SUCCESS
[07:04:2026]-[14:06:45]_secret_RUNNING
[07:04:2026]-[14:06:45]_secret_SUCCESS
[07:04:2026]-[14:06:45]_surprise_RUNNING
[07:04:2026]-[14:06:45]_surprise_SUCCESS
[07:04:2026]-[14:06:54]_secret_RUNNING
[07:04:2026]-[14:06:54]_secret_SUCCESS
[07:04:2026]-[14:06:54]_surprise_RUNNING
[07:04:2026]-[14:06:54]_surprise_SUCCESS
[07:04:2026]-[14:07:04]_secret_RUNNING
[07:04:2026]-[14:07:04]_secret_SUCCESS
[07:04:2026]-[14:07:04]_surprise_RUNNING
[07:04:2026]-[14:07:04]_surprise_SUCCESS
[07:04:2026]-[14:07:15]_secret_RUNNING
[07:04:2026]-[14:07:15]_secret_SUCCESS
[07:04:2026]-[14:07:15]_surprise_RUNNING
[07:04:2026]-[14:07:15]_surprise_SUCCESS
[07:04:2026]-[14:07:24]_secret_RUNNING
[07:04:2026]-[14:07:24]_secret_SUCCESS
[07:04:2026]-[14:07:24]_surprise_RUNNING
[07:04:2026]-[14:07:24]_surprise_SUCCESS
[07:04:2026]-[14:07:34]_secret_RUNNING
[07:04:2026]-[14:07:34]_secret_SUCCESS
[07:04:2026]-[14:07:34]_surprise_RUNNING
[07:04:2026]-[14:07:34]_surprise_SUCCESS
[07:04:2026]-[14:07:44]_secret_RUNNING
[07:04:2026]-[14:07:44]_secret_SUCCESS
[07:04:2026]-[14:07:44]_surprise_RUNNING
[07:04:2026]-[14:07:44]_surprise_SUCCESS
[07:04:2026]-[14:07:54]_secret_RUNNING
[07:04:2026]-[14:07:54]_secret_SUCCESS
[07:04:2026]-[14:07:54]_surprise_RUNNING
[07:04:2026]-[14:07:54]_surprise_SUCCESS
[07:04:2026]-[14:08:04]_secret_RUNNING
[07:04:2026]-[14:08:04]_secret_SUCCESS
[07:04:2026]-[14:08:04]_surprise_RUNNING
[07:04:2026]-[14:08:04]_surprise_SUCCESS
[07:04:2026]-[14:08:14]_secret_RUNNING
[07:04:2026]-[14:08:14]_secret_SUCCESS
[07:04:2026]-[14:08:14]_surprise_RUNNING
[07:04:2026]-[14:08:14]_surprise_SUCCESS
[07:04:2026]-[14:08:24]_secret_RUNNING
[07:04:2026]-[14:08:24]_secret_SUCCESS
[07:04:2026]-[14:08:24]_surprise_RUNNING
[07:04:2026]-[14:08:24]_surprise_SUCCESS
[07:04:2026]-[14:08:34]_secret_RUNNING
[07:04:2026]-[14:08:34]_secret_SUCCESS
[07:04:2026]-[14:08:34]_surprise_RUNNING
[07:04:2026]-[14:08:34]_surprise_SUCCESS
[07:04:2026]-[14:08:44]_secret_RUNNING
[07:04:2026]-[14:08:44]_secret_SUCCESS
[07:04:2026]-[14:08:44]_surprise_RUNNING
[07:04:2026]-[14:08:44]_surprise_SUCCESS
[07:04:2026]-[14:08:54]_secret_RUNNING
[07:04:2026]-[14:08:54]_secret_SUCCESS
[07:04:2026]-[14:08:54]_surprise_RUNNING
[07:04:2026]-[14:08:54]_surprise_SUCCESS
[07:04:2026]-[14:09:04]_secret_RUNNING
[07:04:2026]-[14:09:04]_secret_SUCCESS
[07:04:2026]-[14:09:04]_surprise_RUNNING
[07:04:2026]-[14:09:04]_surprise_SUCCESS
[07:04:2026]-[14:09:14]_secret_RUNNING
[07:04:2026]-[14:09:14]_secret_SUCCESS
[07:04:2026]-[14:09:14]_surprise_RUNNING
[07:04:2026]-[14:09:14]_surprise_SUCCESS
[07:04:2026]-[14:09:24]_secret_RUNNING
[07:04:2026]-[14:09:24]_secret_SUCCESS
[07:04:2026]-[14:09:24]_surprise_RUNNING
[07:04:2026]-[14:09:24]_surprise_SUCCESS
[07:04:2026]-[14:09:34]_secret_RUNNING
[07:04:2026]-[14:09:34]_secret_SUCCESS
[07:04:2026]-[14:09:34]_surprise_RUNNING
[07:04:2026]-[14:09:34]_surprise_SUCCESS
[07:04:2026]-[14:09:44]_secret_RUNNING
[07:04:2026]-[14:09:44]_secret_SUCCESS
[07:04:2026]-[14:09:44]_surprise_RUNNING
[07:04:2026]-[14:09:44]_surprise_SUCCESS
[07:04:2026]-[14:09:54]_secret_RUNNING
[07:04:2026]-[14:09:54]_secret_SUCCESS
[07:04:2026]-[14:09:54]_surprise_RUNNING
[07:04:2026]-[14:09:54]_surprise_SUCCESS
[07:04:2026]-[14:10:03]_secret_RUNNING
[07:04:2026]-[14:10:03]_secret_SUCCESS
[07:04:2026]-[14:10:03]_surprise_RUNNING
[07:04:2026]-[14:10:03]_surprise_SUCCESS
[07:04:2026]-[14:10:13]_secret_RUNNING
[07:04:2026]-[14:10:13]_secret_SUCCESS
[07:04:2026]-[14:10:13]_surprise_RUNNING
[07:04:2026]-[14:10:13]_surprise_SUCCESS
[07:04:2026]-[14:10:24]_secret_RUNNING
[07:04:2026]-[14:10:24]_secret_SUCCESS
[07:04:2026]-[14:10:24]_surprise_RUNNING
[07:04:2026]-[14:10:24]_surprise_SUCCESS
[07:04:2026]-[14:10:34]_secret_RUNNING
[07:04:2026]-[14:10:34]_secret_SUCCESS
[07:04:2026]-[14:10:34]_surprise_RUNNING
[07:04:2026]-[14:10:34]_surprise_SUCCESS
[07:04:2026]-[14:10:43]_secret_RUNNING
[07:04:2026]-[14:10:43]_secret_SUCCESS
[07:04:2026]-[14:10:43]_surprise_RUNNING
[07:04:2026]-[14:10:43]_surprise_SUCCESS
[07:04:2026]-[14:10:53]_secret_RUNNING
[07:04:2026]-[14:10:53]_secret_SUCCESS
[07:04:2026]-[14:10:53]_surprise_RUNNING
[07:04:2026]-[14:10:53]_surprise_SUCCESS
[07:04:2026]-[14:11:04]_secret_RUNNING
[07:04:2026]-[14:11:04]_secret_SUCCESS
[07:04:2026]-[14:11:04]_surprise_RUNNING
[07:04:2026]-[14:11:04]_surprise_SUCCESS
[07:04:2026]-[14:11:13]_secret_RUNNING
[07:04:2026]-[14:11:13]_secret_SUCCESS
[07:04:2026]-[14:11:13]_surprise_RUNNING
[07:04:2026]-[14:11:13]_surprise_SUCCESS
[07:04:2026]-[14:11:23]_secret_RUNNING
[07:04:2026]-[14:11:23]_secret_SUCCESS
[07:04:2026]-[14:11:23]_surprise_RUNNING
[07:04:2026]-[14:11:23]_surprise_SUCCESS
[07:04:2026]-[14:11:33]_secret_RUNNING
[07:04:2026]-[14:11:33]_secret_SUCCESS
[07:04:2026]-[14:11:33]_surprise_RUNNING
[07:04:2026]-[14:11:33]_surprise_SUCCESS
[07:04:2026]-[14:11:43]_secret_RUNNING
[07:04:2026]-[14:11:43]_secret_SUCCESS
[07:04:2026]-[14:11:43]_surprise_RUNNING
[07:04:2026]-[14:11:43]_surprise_SUCCESS
[07:04:2026]-[14:11:53]_secret_RUNNING
[07:04:2026]-[14:11:53]_secret_SUCCESS
[07:04:2026]-[14:11:53]_surprise_RUNNING
[07:04:2026]-[14:11:53]_surprise_SUCCESS
[07:04:2026]-[14:12:03]_secret_RUNNING
[07:04:2026]-[14:12:03]_secret_SUCCESS
[07:04:2026]-[14:12:03]_surprise_RUNNING
[07:04:2026]-[14:12:03]_surprise_SUCCESS
[07:04:2026]-[14:12:13]_secret_RUNNING
[07:04:2026]-[14:12:13]_secret_SUCCESS
[07:04:2026]-[14:12:13]_surprise_RUNNING
[07:04:2026]-[14:12:13]_surprise_SUCCESS
[07:04:2026]-[14:12:23]_secret_RUNNING
[07:04:2026]-[14:12:23]_secret_SUCCESS
[07:04:2026]-[14:12:23]_surprise_RUNNING
[07:04:2026]-[14:12:23]_surprise_SUCCESS
[07:04:2026]-[14:12:33]_secret_RUNNING
[07:04:2026]-[14:12:33]_secret_SUCCESS
[07:04:2026]-[14:12:33]_surprise_RUNNING
[07:04:2026]-[14:12:33]_surprise_SUCCESS
[07:04:2026]-[14:12:43]_secret_RUNNING
[07:04:2026]-[14:12:43]_secret_SUCCESS
[07:04:2026]-[14:12:43]_surprise_RUNNING
[07:04:2026]-[14:12:43]_surprise_SUCCESS
[07:04:2026]-[14:12:53]_secret_RUNNING
[07:04:2026]-[14:12:53]_secret_SUCCESS
[07:04:2026]-[14:12:53]_surprise_RUNNING
[07:04:2026]-[14:12:53]_surprise_SUCCESS
[07:04:2026]-[14:13:03]_secret_RUNNING
[07:04:2026]-[14:13:03]_secret_SUCCESS
[07:04:2026]-[14:13:03]_surprise_RUNNING
[07:04:2026]-[14:13:03]_surprise_SUCCESS
[07:04:2026]-[14:13:13]_secret_RUNNING
[07:04:2026]-[14:13:13]_secret_SUCCESS
[07:04:2026]-[14:13:13]_surprise_RUNNING
[07:04:2026]-[14:13:13]_surprise_SUCCESS
[07:04:2026]-[14:13:22]_secret_RUNNING
[07:04:2026]-[14:13:22]_secret_SUCCESS
[07:04:2026]-[14:13:22]_surprise_RUNNING
[07:04:2026]-[14:13:22]_surprise_SUCCESS
[07:04:2026]-[14:13:33]_secret_RUNNING
[07:04:2026]-[14:13:33]_secret_SUCCESS
[07:04:2026]-[14:13:33]_surprise_RUNNING
[07:04:2026]-[14:13:33]_surprise_SUCCESS
[07:04:2026]-[14:13:43]_secret_RUNNING
[07:04:2026]-[14:13:43]_secret_SUCCESS
[07:04:2026]-[14:13:43]_surprise_RUNNING
[07:04:2026]-[14:13:43]_surprise_SUCCESS
[07:04:2026]-[14:13:52]_secret_RUNNING
[07:04:2026]-[14:13:52]_secret_SUCCESS
[07:04:2026]-[14:13:52]_surprise_RUNNING
[07:04:2026]-[14:13:52]_surprise_SUCCESS
[07:04:2026]-[14:14:02]_secret_RUNNING
[07:04:2026]-[14:14:02]_secret_SUCCESS
[07:04:2026]-[14:14:02]_surprise_RUNNING
[07:04:2026]-[14:14:02]_surprise_SUCCESS
[07:04:2026]-[14:14:12]_secret_RUNNING
[07:04:2026]-[14:14:12]_secret_SUCCESS
[07:04:2026]-[14:14:12]_surprise_RUNNING
[07:04:2026]-[14:14:12]_surprise_SUCCESS
[07:04:2026]-[14:14:22]_secret_RUNNING
[07:04:2026]-[14:14:22]_secret_SUCCESS
[07:04:2026]-[14:14:22]_surprise_RUNNING
[07:04:2026]-[14:14:22]_surprise_SUCCESS
[07:04:2026]-[14:14:32]_secret_RUNNING
[07:04:2026]-[14:14:32]_secret_SUCCESS
[07:04:2026]-[14:14:32]_surprise_RUNNING
[07:04:2026]-[14:14:32]_surprise_SUCCESS
[07:04:2026]-[14:14:42]_secret_RUNNING
[07:04:2026]-[14:14:42]_secret_SUCCESS
[07:04:2026]-[14:14:42]_surprise_RUNNING
[07:04:2026]-[14:14:42]_surprise_SUCCESS
[07:04:2026]-[14:14:52]_secret_RUNNING
[07:04:2026]-[14:14:52]_secret_SUCCESS
[07:04:2026]-[14:14:52]_surprise_RUNNING
[07:04:2026]-[14:14:52]_surprise_SUCCESS
[07:04:2026]-[14:15:02]_secret_RUNNING
[07:04:2026]-[14:15:02]_secret_SUCCESS
[07:04:2026]-[14:15:02]_surprise_RUNNING
[07:04:2026]-[14:15:02]_surprise_SUCCESS
[07:04:2026]-[14:15:12]_secret_RUNNING
[07:04:2026]-[14:15:12]_secret_SUCCESS
[07:04:2026]-[14:15:12]_surprise_RUNNING
[07:04:2026]-[14:15:12]_surprise_SUCCESS
[07:04:2026]-[14:15:22]_secret_RUNNING
[07:04:2026]-[14:15:22]_secret_SUCCESS
[07:04:2026]-[14:15:22]_surprise_RUNNING
[07:04:2026]-[14:15:22]_surprise_SUCCESS
[07:04:2026]-[14:15:32]_secret_RUNNING
[07:04:2026]-[14:15:32]_secret_SUCCESS
[07:04:2026]-[14:15:32]_surprise_RUNNING
[07:04:2026]-[14:15:32]_surprise_SUCCESS
[07:04:2026]-[14:15:42]_secret_RUNNING
[07:04:2026]-[14:15:42]_secret_SUCCESS
[07:04:2026]-[14:15:42]_surprise_RUNNING
[07:04:2026]-[14:15:42]_surprise_SUCCESS
[07:04:2026]-[14:15:52]_secret_RUNNING
[07:04:2026]-[14:15:52]_secret_SUCCESS
[07:04:2026]-[14:15:52]_surprise_RUNNING
[07:04:2026]-[14:15:52]_surprise_SUCCESS
[07:04:2026]-[14:16:01]_secret_RUNNING
[07:04:2026]-[14:16:01]_secret_SUCCESS
[07:04:2026]-[14:16:01]_surprise_RUNNING
[07:04:2026]-[14:16:01]_surprise_SUCCESS
[07:04:2026]-[14:16:12]_secret_RUNNING
[07:04:2026]-[14:16:12]_secret_SUCCESS
[07:04:2026]-[14:16:12]_surprise_RUNNING
[07:04:2026]-[14:16:12]_surprise_SUCCESS
[07:04:2026]-[14:16:22]_secret_RUNNING
[07:04:2026]-[14:16:22]_secret_SUCCESS
[07:04:2026]-[14:16:22]_surprise_RUNNING
[07:04:2026]-[14:16:22]_surprise_SUCCESS
[07:04:2026]-[14:16:31]_secret_RUNNING
[07:04:2026]-[14:16:31]_secret_SUCCESS
[07:04:2026]-[14:16:31]_surprise_RUNNING
[07:04:2026]-[14:16:31]_surprise_SUCCESS
[07:04:2026]-[14:16:41]_secret_RUNNING
[07:04:2026]-[14:16:41]_secret_SUCCESS
[07:04:2026]-[14:16:41]_surprise_RUNNING
[07:04:2026]-[14:16:41]_surprise_SUCCESS
[07:04:2026]-[14:16:52]_secret_RUNNING
[07:04:2026]-[14:16:52]_secret_SUCCESS
[07:04:2026]-[14:16:52]_surprise_RUNNING
[07:04:2026]-[14:16:52]_surprise_SUCCESS
[07:04:2026]-[14:17:01]_secret_RUNNING
[07:04:2026]-[14:17:01]_secret_SUCCESS
[07:04:2026]-[14:17:01]_surprise_RUNNING
[07:04:2026]-[14:17:01]_surprise_SUCCESS
[07:04:2026]-[14:17:11]_secret_RUNNING
[07:04:2026]-[14:17:11]_secret_SUCCESS
[07:04:2026]-[14:17:11]_surprise_RUNNING
[07:04:2026]-[14:17:11]_surprise_SUCCESS
[07:04:2026]-[14:17:21]_secret_RUNNING
[07:04:2026]-[14:17:21]_secret_SUCCESS
[07:04:2026]-[14:17:21]_surprise_RUNNING
[07:04:2026]-[14:17:21]_surprise_SUCCESS
[07:04:2026]-[14:17:31]_secret_RUNNING
[07:04:2026]-[14:17:31]_secret_SUCCESS
[07:04:2026]-[14:17:31]_surprise_RUNNING
[07:04:2026]-[14:17:31]_surprise_SUCCESS
[07:04:2026]-[14:17:41]_secret_RUNNING
[07:04:2026]-[14:17:41]_secret_SUCCESS
[07:04:2026]-[14:17:41]_surprise_RUNNING
[07:04:2026]-[14:17:41]_surprise_SUCCESS
[07:04:2026]-[14:17:51]_secret_RUNNING
[07:04:2026]-[14:17:51]_secret_SUCCESS
[07:04:2026]-[14:17:51]_surprise_RUNNING
[07:04:2026]-[14:17:51]_surprise_SUCCESS
[07:04:2026]-[14:18:00]_secret_RUNNING
[07:04:2026]-[14:18:00]_secret_SUCCESS
[07:04:2026]-[14:18:00]_surprise_RUNNING
[07:04:2026]-[14:18:00]_surprise_SUCCESS
[07:04:2026]-[14:18:10]_secret_RUNNING
[07:04:2026]-[14:18:10]_secret_SUCCESS
[07:04:2026]-[14:18:10]_surprise_RUNNING
[07:04:2026]-[14:18:11]_surprise_SUCCESS
[07:04:2026]-[14:18:21]_secret_RUNNING
[07:04:2026]-[14:18:21]_secret_SUCCESS
[07:04:2026]-[14:18:21]_surprise_RUNNING
[07:04:2026]-[14:18:21]_surprise_SUCCESS
[07:04:2026]-[14:18:31]_secret_RUNNING
[07:04:2026]-[14:18:31]_secret_SUCCESS
[07:04:2026]-[14:18:31]_surprise_RUNNING
[07:04:2026]-[14:18:31]_surprise_SUCCESS
[07:04:2026]-[14:18:40]_secret_RUNNING
[07:04:2026]-[14:18:40]_secret_SUCCESS
[07:04:2026]-[14:18:40]_surprise_RUNNING
[07:04:2026]-[14:18:40]_surprise_SUCCESS
[07:04:2026]-[14:18:50]_secret_RUNNING
[07:04:2026]-[14:18:50]_secret_SUCCESS
[07:04:2026]-[14:18:50]_surprise_RUNNING
[07:04:2026]-[14:18:50]_surprise_SUCCESS
[07:04:2026]-[14:19:01]_secret_RUNNING
[07:04:2026]-[14:19:01]_secret_SUCCESS
[07:04:2026]-[14:19:01]_surprise_RUNNING
[07:04:2026]-[14:19:01]_surprise_SUCCESS
[07:04:2026]-[14:19:10]_secret_RUNNING
[07:04:2026]-[14:19:10]_secret_SUCCESS
[07:04:2026]-[14:19:10]_surprise_RUNNING
[07:04:2026]-[14:19:10]_surprise_SUCCESS
[07:04:2026]-[14:19:20]_secret_RUNNING
[07:04:2026]-[14:19:20]_secret_SUCCESS
[07:04:2026]-[14:19:20]_surprise_RUNNING
[07:04:2026]-[14:19:20]_surprise_SUCCESS
[07:04:2026]-[14:19:30]_secret_RUNNING
[07:04:2026]-[14:19:30]_secret_SUCCESS
[07:04:2026]-[14:19:30]_surprise_RUNNING
[07:04:2026]-[14:19:30]_surprise_SUCCESS
[07:04:2026]-[14:19:40]_secret_RUNNING
[07:04:2026]-[14:19:40]_secret_SUCCESS
[07:04:2026]-[14:19:40]_surprise_RUNNING
[07:04:2026]-[14:19:40]_surprise_SUCCESS
[07:04:2026]-[14:19:50]_secret_RUNNING
[07:04:2026]-[14:19:50]_secret_SUCCESS
[07:04:2026]-[14:19:50]_surprise_RUNNING
[07:04:2026]-[14:19:50]_surprise_SUCCESS
[07:04:2026]-[14:20:00]_secret_RUNNING
[07:04:2026]-[14:20:00]_secret_SUCCESS
[07:04:2026]-[14:20:00]_surprise_RUNNING
[07:04:2026]-[14:20:00]_surprise_SUCCESS
[07:04:2026]-[14:20:10]_secret_RUNNING
[07:04:2026]-[14:20:10]_secret_SUCCESS
[07:04:2026]-[14:20:10]_surprise_RUNNING
[07:04:2026]-[14:20:10]_surprise_SUCCESS
[07:04:2026]-[14:20:20]_secret_RUNNING
[07:04:2026]-[14:20:20]_secret_SUCCESS
[07:04:2026]-[14:20:20]_surprise_RUNNING
[07:04:2026]-[14:20:20]_surprise_SUCCESS
[07:04:2026]-[14:20:30]_secret_RUNNING
[07:04:2026]-[14:20:30]_secret_SUCCESS
[07:04:2026]-[14:20:30]_surprise_RUNNING
[07:04:2026]-[14:20:30]_surprise_SUCCESS
[07:04:2026]-[14:20:39]_secret_RUNNING
[07:04:2026]-[14:20:39]_secret_SUCCESS
[07:04:2026]-[14:20:39]_surprise_RUNNING
[07:04:2026]-[14:20:39]_surprise_SUCCESS
[07:04:2026]-[14:20:49]_secret_RUNNING
[07:04:2026]-[14:20:49]_secret_SUCCESS
[07:04:2026]-[14:20:49]_surprise_RUNNING
[07:04:2026]-[14:20:49]_surprise_SUCCESS
[07:04:2026]-[14:21:00]_secret_RUNNING
[07:04:2026]-[14:21:00]_secret_SUCCESS
[07:04:2026]-[14:21:00]_surprise_RUNNING
[07:04:2026]-[14:21:00]_surprise_SUCCESS
[07:04:2026]-[14:21:10]_secret_RUNNING
[07:04:2026]-[14:21:10]_secret_SUCCESS
[07:04:2026]-[14:21:10]_surprise_RUNNING
[07:04:2026]-[14:21:10]_surprise_SUCCESS
[07:04:2026]-[14:21:19]_secret_RUNNING
[07:04:2026]-[14:21:19]_secret_SUCCESS
[07:04:2026]-[14:21:19]_surprise_RUNNING
[07:04:2026]-[14:21:19]_surprise_SUCCESS
[07:04:2026]-[14:21:29]_secret_RUNNING
[07:04:2026]-[14:21:29]_secret_SUCCESS
[07:04:2026]-[14:21:29]_surprise_RUNNING
[07:04:2026]-[14:21:29]_surprise_SUCCESS
[07:04:2026]-[14:21:40]_secret_RUNNING
[07:04:2026]-[14:21:40]_secret_SUCCESS
[07:04:2026]-[14:21:40]_surprise_RUNNING
[07:04:2026]-[14:21:40]_surprise_SUCCESS
[07:04:2026]-[14:21:49]_secret_RUNNING
[07:04:2026]-[14:21:49]_secret_SUCCESS
[07:04:2026]-[14:21:49]_surprise_RUNNING
[07:04:2026]-[14:21:49]_surprise_SUCCESS
[07:04:2026]-[14:21:59]_secret_RUNNING
[07:04:2026]-[14:21:59]_secret_SUCCESS
[07:04:2026]-[14:21:59]_surprise_RUNNING
[07:04:2026]-[14:21:59]_surprise_SUCCESS
[07:04:2026]-[14:22:09]_secret_RUNNING
[07:04:2026]-[14:22:09]_secret_SUCCESS
[07:04:2026]-[14:22:09]_surprise_RUNNING
[07:04:2026]-[14:22:09]_surprise_SUCCESS
[07:04:2026]-[14:22:19]_secret_RUNNING
[07:04:2026]-[14:22:19]_secret_SUCCESS
[07:04:2026]-[14:22:19]_surprise_RUNNING
[07:04:2026]-[14:22:19]_surprise_SUCCESS
[07:04:2026]-[14:22:29]_secret_RUNNING
[07:04:2026]-[14:22:29]_secret_SUCCESS
[07:04:2026]-[14:22:29]_surprise_RUNNING
[07:04:2026]-[14:22:29]_surprise_SUCCESS
[07:04:2026]-[14:22:39]_secret_RUNNING
[07:04:2026]-[14:22:39]_secret_SUCCESS
[07:04:2026]-[14:22:39]_surprise_RUNNING
[07:04:2026]-[14:22:39]_surprise_SUCCESS
[07:04:2026]-[14:22:49]_secret_RUNNING
[07:04:2026]-[14:22:49]_secret_SUCCESS
[07:04:2026]-[14:22:49]_surprise_RUNNING
[07:04:2026]-[14:22:49]_surprise_SUCCESS
[07:04:2026]-[14:22:59]_secret_RUNNING
[07:04:2026]-[14:22:59]_secret_SUCCESS
[07:04:2026]-[14:22:59]_surprise_RUNNING
[07:04:2026]-[14:22:59]_surprise_SUCCESS
[07:04:2026]-[14:23:09]_secret_RUNNING
[07:04:2026]-[14:23:09]_secret_SUCCESS
[07:04:2026]-[14:23:09]_surprise_RUNNING
[07:04:2026]-[14:23:09]_surprise_SUCCESS
[07:04:2026]-[14:23:19]_secret_RUNNING
[07:04:2026]-[14:23:19]_secret_SUCCESS
[07:04:2026]-[14:23:19]_surprise_RUNNING
[07:04:2026]-[14:23:19]_surprise_SUCCESS
[07:04:2026]-[14:23:29]_secret_RUNNING
[07:04:2026]-[14:23:29]_secret_SUCCESS
[07:04:2026]-[14:23:29]_surprise_RUNNING
[07:04:2026]-[14:23:29]_surprise_SUCCESS
[07:04:2026]-[14:23:39]_secret_RUNNING
[07:04:2026]-[14:23:39]_secret_SUCCESS
[07:04:2026]-[14:23:39]_surprise_RUNNING
[07:04:2026]-[14:23:39]_surprise_SUCCESS
[07:04:2026]-[14:23:49]_secret_RUNNING
[07:04:2026]-[14:23:49]_secret_SUCCESS
[07:04:2026]-[14:23:49]_surprise_RUNNING
[07:04:2026]-[14:23:49]_surprise_SUCCESS
[07:04:2026]-[14:23:58]_secret_RUNNING
[07:04:2026]-[14:23:58]_secret_SUCCESS
[07:04:2026]-[14:23:58]_surprise_RUNNING
[07:04:2026]-[14:23:58]_surprise_SUCCESS
[07:04:2026]-[14:24:09]_secret_RUNNING
[07:04:2026]-[14:24:09]_secret_SUCCESS
[07:04:2026]-[14:24:09]_surprise_RUNNING
[07:04:2026]-[14:24:09]_surprise_SUCCESS
[07:04:2026]-[14:24:19]_secret_RUNNING
[07:04:2026]-[14:24:19]_secret_SUCCESS
[07:04:2026]-[14:24:19]_surprise_RUNNING
[07:04:2026]-[14:24:19]_surprise_SUCCESS
[07:04:2026]-[14:24:28]_secret_RUNNING
[07:04:2026]-[14:24:28]_secret_SUCCESS
[07:04:2026]-[14:24:28]_surprise_RUNNING
[07:04:2026]-[14:24:28]_surprise_SUCCESS
[07:04:2026]-[14:24:38]_secret_RUNNING
[07:04:2026]-[14:24:38]_secret_SUCCESS
[07:04:2026]-[14:24:38]_surprise_RUNNING
[07:04:2026]-[14:24:38]_surprise_SUCCESS
[07:04:2026]-[14:24:48]_secret_RUNNING
[07:04:2026]-[14:24:48]_secret_SUCCESS
[07:04:2026]-[14:24:48]_surprise_RUNNING
[07:04:2026]-[14:24:48]_surprise_SUCCESS
[07:04:2026]-[14:24:58]_secret_RUNNING
[07:04:2026]-[14:24:58]_secret_SUCCESS
[07:04:2026]-[14:24:58]_surprise_RUNNING
[07:04:2026]-[14:24:58]_surprise_SUCCESS
[07:04:2026]-[14:25:08]_secret_RUNNING
[07:04:2026]-[14:25:08]_secret_SUCCESS
[07:04:2026]-[14:25:08]_surprise_RUNNING
[07:04:2026]-[14:25:08]_surprise_SUCCESS
[07:04:2026]-[14:25:18]_secret_RUNNING
[07:04:2026]-[14:25:18]_secret_SUCCESS
[07:04:2026]-[14:25:18]_surprise_RUNNING
[07:04:2026]-[14:25:18]_surprise_SUCCESS
[07:04:2026]-[14:25:28]_secret_RUNNING
[07:04:2026]-[14:25:28]_secret_SUCCESS
[07:04:2026]-[14:25:28]_surprise_RUNNING
[07:04:2026]-[14:25:28]_surprise_SUCCESS
[07:04:2026]-[14:25:38]_secret_RUNNING
[07:04:2026]-[14:25:38]_secret_SUCCESS
[07:04:2026]-[14:25:38]_surprise_RUNNING
[07:04:2026]-[14:25:38]_surprise_SUCCESS
[07:04:2026]-[14:25:48]_secret_RUNNING
[07:04:2026]-[14:25:48]_secret_SUCCESS
[07:04:2026]-[14:25:48]_surprise_RUNNING
[07:04:2026]-[14:25:48]_surprise_SUCCESS
[07:04:2026]-[14:25:57]_secret_RUNNING
[07:04:2026]-[14:25:57]_secret_SUCCESS
[07:04:2026]-[14:25:57]_surprise_RUNNING
[07:04:2026]-[14:25:57]_surprise_SUCCESS
[07:04:2026]-[14:26:07]_secret_RUNNING
[07:04:2026]-[14:26:07]_secret_SUCCESS
[07:04:2026]-[14:26:07]_surprise_RUNNING
[07:04:2026]-[14:26:07]_surprise_SUCCESS
[07:04:2026]-[14:26:17]_secret_RUNNING
[07:04:2026]-[14:26:17]_secret_SUCCESS
[07:04:2026]-[14:26:17]_surprise_RUNNING
[07:04:2026]-[14:26:17]_surprise_SUCCESS
[07:04:2026]-[14:26:27]_secret_RUNNING
[07:04:2026]-[14:26:27]_secret_SUCCESS
[07:04:2026]-[14:26:27]_surprise_RUNNING
[07:04:2026]-[14:26:27]_surprise_SUCCESS
[07:04:2026]-[14:26:37]_secret_RUNNING
[07:04:2026]-[14:26:37]_secret_SUCCESS
[07:04:2026]-[14:26:37]_surprise_RUNNING
[07:04:2026]-[14:26:37]_surprise_SUCCESS
[07:04:2026]-[14:26:45]_decrypt_RUNNING
[07:04:2026]-[14:26:45]_decrypt_SUCCESS
[07:04:2026]-[14:26:47]_secret_RUNNING
[07:04:2026]-[14:26:47]_secret_SUCCESS
[07:04:2026]-[14:26:47]_surprise_RUNNING
[07:04:2026]-[14:26:47]_surprise_SUCCESS
[07:04:2026]-[14:26:49]_decrypt_RUNNING
[07:04:2026]-[14:26:49]_decrypt_SUCCESS
[07:04:2026]-[14:26:52]_decrypt_RUNNING
[07:04:2026]-[14:26:52]_decrypt_SUCCESS
[07:04:2026]-[14:26:57]_secret_RUNNING
[07:04:2026]-[14:26:57]_secret_SUCCESS
[07:04:2026]-[14:26:57]_surprise_RUNNING
[07:04:2026]-[14:26:57]_surprise_SUCCESS
[07:04:2026]-[14:26:59]_decrypt_RUNNING
[07:04:2026]-[14:26:59]_decrypt_SUCCESS
[07:04:2026]-[14:27:07]_secret_RUNNING
[07:04:2026]-[14:27:07]_secret_SUCCESS
[07:04:2026]-[14:27:07]_surprise_RUNNING
[07:04:2026]-[14:27:07]_surprise_SUCCESS
[07:04:2026]-[14:27:17]_secret_RUNNING
[07:04:2026]-[14:27:17]_secret_SUCCESS
[07:04:2026]-[14:27:17]_surprise_RUNNING
[07:04:2026]-[14:27:17]_surprise_SUCCESS
[07:04:2026]-[14:27:27]_secret_RUNNING
[07:04:2026]-[14:27:27]_secret_SUCCESS
[07:04:2026]-[14:27:27]_surprise_RUNNING
[07:04:2026]-[14:27:27]_surprise_SUCCESS
[07:04:2026]-[14:27:37]_secret_RUNNING
[07:04:2026]-[14:27:37]_secret_SUCCESS
[07:04:2026]-[14:27:37]_surprise_RUNNING
[07:04:2026]-[14:27:37]_surprise_SUCCESS
[07:04:2026]-[14:27:47]_secret_RUNNING
[07:04:2026]-[14:27:47]_secret_SUCCESS
[07:04:2026]-[14:27:47]_surprise_RUNNING
[07:04:2026]-[14:27:47]_surprise_SUCCESS
[07:04:2026]-[14:27:57]_secret_RUNNING
[07:04:2026]-[14:27:57]_secret_SUCCESS
[07:04:2026]-[14:27:57]_surprise_RUNNING
[07:04:2026]-[14:27:57]_surprise_SUCCESS
[07:04:2026]-[14:28:06]_secret_RUNNING
[07:04:2026]-[14:28:06]_secret_SUCCESS
[07:04:2026]-[14:28:06]_surprise_RUNNING
[07:04:2026]-[14:28:06]_surprise_SUCCESS
[07:04:2026]-[14:28:16]_secret_RUNNING
[07:04:2026]-[14:28:16]_secret_SUCCESS
[07:04:2026]-[14:28:16]_surprise_RUNNING
[07:04:2026]-[14:28:16]_surprise_SUCCESS
[07:04:2026]-[14:28:27]_secret_RUNNING
[07:04:2026]-[14:28:27]_secret_SUCCESS
[07:04:2026]-[14:28:27]_surprise_RUNNING
[07:04:2026]-[14:28:27]_surprise_SUCCESS
[07:04:2026]-[14:28:36]_secret_RUNNING
[07:04:2026]-[14:28:36]_secret_SUCCESS
[07:04:2026]-[14:28:36]_surprise_RUNNING
[07:04:2026]-[14:28:36]_surprise_SUCCESS
[07:04:2026]-[14:28:46]_secret_RUNNING
[07:04:2026]-[14:28:46]_secret_SUCCESS
[07:04:2026]-[14:28:46]_surprise_RUNNING
[07:04:2026]-[14:28:46]_surprise_SUCCESS
[07:04:2026]-[14:28:56]_secret_RUNNING
[07:04:2026]-[14:28:56]_secret_SUCCESS
[07:04:2026]-[14:28:56]_surprise_RUNNING
[07:04:2026]-[14:28:56]_surprise_SUCCESS
[07:04:2026]-[14:29:07]_secret_RUNNING
[07:04:2026]-[14:29:07]_secret_SUCCESS
[07:04:2026]-[14:29:07]_surprise_RUNNING
[07:04:2026]-[14:29:07]_surprise_SUCCESS
[07:04:2026]-[14:29:16]_secret_RUNNING
[07:04:2026]-[14:29:16]_secret_SUCCESS
[07:04:2026]-[14:29:16]_surprise_RUNNING
[07:04:2026]-[14:29:16]_surprise_SUCCESS
[07:04:2026]-[14:29:26]_secret_RUNNING
[07:04:2026]-[14:29:26]_secret_SUCCESS
[07:04:2026]-[14:29:26]_surprise_RUNNING
[07:04:2026]-[14:29:26]_surprise_SUCCESS
[07:04:2026]-[14:29:36]_secret_RUNNING
[07:04:2026]-[14:29:36]_secret_SUCCESS
[07:04:2026]-[14:29:36]_surprise_RUNNING
[07:04:2026]-[14:29:36]_surprise_SUCCESS
[07:04:2026]-[14:29:46]_secret_RUNNING
[07:04:2026]-[14:29:46]_secret_SUCCESS
[07:04:2026]-[14:29:46]_surprise_RUNNING
[07:04:2026]-[14:29:46]_surprise_SUCCESS
[07:04:2026]-[14:29:56]_secret_RUNNING
[07:04:2026]-[14:29:56]_secret_SUCCESS
[07:04:2026]-[14:29:56]_surprise_RUNNING
[07:04:2026]-[14:29:56]_surprise_SUCCESS
[07:04:2026]-[14:30:06]_secret_RUNNING
[07:04:2026]-[14:30:06]_secret_SUCCESS
[07:04:2026]-[14:30:06]_surprise_RUNNING
[07:04:2026]-[14:30:06]_surprise_SUCCESS
[07:04:2026]-[14:30:15]_secret_RUNNING
[07:04:2026]-[14:30:15]_secret_SUCCESS
[07:04:2026]-[14:30:15]_surprise_RUNNING
[07:04:2026]-[14:30:15]_surprise_SUCCESS
[07:04:2026]-[14:30:22]_kill_RUNNING
[07:04:2026]-[14:30:22]_kill_SUCCESS
[07:04:2026]-[19:58:46]_daemon_RUNNING
[07:04:2026]-[19:58:46]_daemon_SUCCESS
[07:04:2026]-[19:58:56]_secret_RUNNING
[07:04:2026]-[19:58:56]_secret_SUCCESS
[07:04:2026]-[19:58:56]_surprise_RUNNING
[07:04:2026]-[19:58:56]_surprise_SUCCESS
[07:04:2026]-[19:59:06]_secret_RUNNING
[07:04:2026]-[19:59:06]_secret_SUCCESS
[07:04:2026]-[19:59:06]_surprise_RUNNING
[07:04:2026]-[19:59:06]_surprise_SUCCESS
[07:04:2026]-[19:59:16]_secret_RUNNING
[07:04:2026]-[19:59:16]_secret_SUCCESS
[07:04:2026]-[19:59:16]_surprise_RUNNING
[07:04:2026]-[19:59:16]_surprise_SUCCESS
[07:04:2026]-[19:59:26]_secret_RUNNING
[07:04:2026]-[19:59:26]_secret_SUCCESS
[07:04:2026]-[19:59:26]_surprise_RUNNING
[07:04:2026]-[19:59:26]_surprise_SUCCESS
[07:04:2026]-[19:59:36]_secret_RUNNING
[07:04:2026]-[19:59:36]_secret_SUCCESS
[07:04:2026]-[19:59:36]_surprise_RUNNING
[07:04:2026]-[19:59:36]_surprise_SUCCESS
[07:04:2026]-[19:59:46]_secret_RUNNING
[07:04:2026]-[19:59:46]_secret_SUCCESS
[07:04:2026]-[19:59:46]_surprise_RUNNING
[07:04:2026]-[19:59:46]_surprise_SUCCESS
[07:04:2026]-[19:59:56]_secret_RUNNING
[07:04:2026]-[19:59:56]_secret_SUCCESS
[07:04:2026]-[19:59:56]_surprise_RUNNING
[07:04:2026]-[19:59:56]_surprise_SUCCESS
[07:04:2026]-[20:00:06]_secret_RUNNING
[07:04:2026]-[20:00:06]_secret_SUCCESS
[07:04:2026]-[20:00:06]_surprise_RUNNING
[07:04:2026]-[20:00:06]_surprise_SUCCESS
[07:04:2026]-[20:00:16]_secret_RUNNING
[07:04:2026]-[20:00:16]_secret_SUCCESS
[07:04:2026]-[20:00:16]_surprise_RUNNING
[07:04:2026]-[20:00:16]_surprise_SUCCESS
[07:04:2026]-[20:00:26]_secret_RUNNING
[07:04:2026]-[20:00:26]_secret_SUCCESS
[07:04:2026]-[20:00:26]_surprise_RUNNING
[07:04:2026]-[20:00:26]_surprise_SUCCESS
[07:04:2026]-[20:00:36]_secret_RUNNING
[07:04:2026]-[20:00:36]_secret_SUCCESS
[07:04:2026]-[20:00:36]_surprise_RUNNING
[07:04:2026]-[20:00:36]_surprise_SUCCESS
[07:04:2026]-[20:00:46]_secret_RUNNING
[07:04:2026]-[20:00:46]_secret_SUCCESS
[07:04:2026]-[20:00:46]_surprise_RUNNING
[07:04:2026]-[20:00:46]_surprise_SUCCESS
[07:04:2026]-[20:00:56]_secret_RUNNING
[07:04:2026]-[20:00:56]_secret_SUCCESS
[07:04:2026]-[20:00:56]_surprise_RUNNING
[07:04:2026]-[20:00:56]_surprise_SUCCESS
[07:04:2026]-[20:01:06]_secret_RUNNING
[07:04:2026]-[20:01:06]_secret_SUCCESS
[07:04:2026]-[20:01:06]_surprise_RUNNING
[07:04:2026]-[20:01:06]_surprise_SUCCESS
[07:04:2026]-[20:01:16]_secret_RUNNING
[07:04:2026]-[20:01:16]_secret_SUCCESS
[07:04:2026]-[20:01:16]_surprise_RUNNING
[07:04:2026]-[20:01:16]_surprise_SUCCESS
[07:04:2026]-[20:01:26]_secret_RUNNING
[07:04:2026]-[20:01:26]_secret_SUCCESS
[07:04:2026]-[20:01:26]_surprise_RUNNING
[07:04:2026]-[20:01:26]_surprise_SUCCESS
[07:04:2026]-[20:01:36]_secret_RUNNING
[07:04:2026]-[20:01:36]_secret_SUCCESS
[07:04:2026]-[20:01:36]_surprise_RUNNING
[07:04:2026]-[20:01:36]_surprise_SUCCESS
[07:04:2026]-[20:01:46]_secret_RUNNING
[07:04:2026]-[20:01:46]_secret_SUCCESS
[07:04:2026]-[20:01:46]_surprise_RUNNING
[07:04:2026]-[20:01:46]_surprise_SUCCESS
[07:04:2026]-[20:01:56]_secret_RUNNING
[07:04:2026]-[20:01:56]_secret_SUCCESS
[07:04:2026]-[20:01:56]_surprise_RUNNING
[07:04:2026]-[20:01:57]_surprise_SUCCESS
[07:04:2026]-[20:02:07]_secret_RUNNING
[07:04:2026]-[20:02:07]_secret_SUCCESS
[07:04:2026]-[20:02:07]_surprise_RUNNING
[07:04:2026]-[20:02:07]_surprise_SUCCESS
[07:04:2026]-[20:02:17]_secret_RUNNING
[07:04:2026]-[20:02:17]_secret_SUCCESS
[07:04:2026]-[20:02:17]_surprise_RUNNING
[07:04:2026]-[20:02:17]_surprise_SUCCESS
[07:04:2026]-[20:02:27]_secret_RUNNING
[07:04:2026]-[20:02:27]_secret_SUCCESS
[07:04:2026]-[20:02:27]_surprise_RUNNING
[07:04:2026]-[20:02:27]_surprise_SUCCESS
[07:04:2026]-[20:02:37]_secret_RUNNING
[07:04:2026]-[20:02:37]_secret_SUCCESS
[07:04:2026]-[20:02:37]_surprise_RUNNING
[07:04:2026]-[20:02:37]_surprise_SUCCESS
[07:04:2026]-[20:02:47]_secret_RUNNING
[07:04:2026]-[20:02:47]_secret_SUCCESS
[07:04:2026]-[20:02:47]_surprise_RUNNING
[07:04:2026]-[20:02:47]_surprise_SUCCESS
[07:04:2026]-[20:02:57]_secret_RUNNING
[07:04:2026]-[20:02:57]_secret_SUCCESS
[07:04:2026]-[20:02:57]_surprise_RUNNING
[07:04:2026]-[20:02:57]_surprise_SUCCESS
[07:04:2026]-[20:03:07]_secret_RUNNING
[07:04:2026]-[20:03:07]_secret_SUCCESS
[07:04:2026]-[20:03:07]_surprise_RUNNING
[07:04:2026]-[20:03:07]_surprise_SUCCESS
[07:04:2026]-[20:03:17]_secret_RUNNING
[07:04:2026]-[20:03:17]_secret_SUCCESS
[07:04:2026]-[20:03:17]_surprise_RUNNING
[07:04:2026]-[20:03:17]_surprise_SUCCESS
[07:04:2026]-[20:03:27]_secret_RUNNING
[07:04:2026]-[20:03:27]_secret_SUCCESS
[07:04:2026]-[20:03:27]_surprise_RUNNING
[07:04:2026]-[20:03:27]_surprise_SUCCESS
[07:04:2026]-[20:03:37]_secret_RUNNING
[07:04:2026]-[20:03:37]_secret_SUCCESS
[07:04:2026]-[20:03:37]_surprise_RUNNING
[07:04:2026]-[20:03:37]_surprise_SUCCESS
[07:04:2026]-[20:03:47]_secret_RUNNING
[07:04:2026]-[20:03:47]_secret_SUCCESS
[07:04:2026]-[20:03:47]_surprise_RUNNING
[07:04:2026]-[20:03:47]_surprise_SUCCESS
[07:04:2026]-[20:03:57]_secret_RUNNING
[07:04:2026]-[20:03:57]_secret_SUCCESS
[07:04:2026]-[20:03:57]_surprise_RUNNING
[07:04:2026]-[20:03:57]_surprise_SUCCESS
[07:04:2026]-[20:04:07]_secret_RUNNING
[07:04:2026]-[20:04:07]_secret_SUCCESS
[07:04:2026]-[20:04:07]_surprise_RUNNING
[07:04:2026]-[20:04:07]_surprise_SUCCESS
[07:04:2026]-[20:04:17]_secret_RUNNING
[07:04:2026]-[20:04:17]_secret_SUCCESS
[07:04:2026]-[20:04:17]_surprise_RUNNING
[07:04:2026]-[20:04:17]_surprise_SUCCESS
[07:04:2026]-[20:04:27]_secret_RUNNING
[07:04:2026]-[20:04:27]_secret_SUCCESS
[07:04:2026]-[20:04:27]_surprise_RUNNING
[07:04:2026]-[20:04:27]_surprise_SUCCESS
[07:04:2026]-[20:04:37]_secret_RUNNING
[07:04:2026]-[20:04:37]_secret_SUCCESS
[07:04:2026]-[20:04:37]_surprise_RUNNING
[07:04:2026]-[20:04:37]_surprise_SUCCESS
[07:04:2026]-[20:04:47]_secret_RUNNING
[07:04:2026]-[20:04:47]_secret_SUCCESS
[07:04:2026]-[20:04:47]_surprise_RUNNING
[07:04:2026]-[20:04:47]_surprise_SUCCESS
[07:04:2026]-[20:04:57]_secret_RUNNING
[07:04:2026]-[20:04:57]_secret_SUCCESS
[07:04:2026]-[20:04:57]_surprise_RUNNING
[07:04:2026]-[20:04:57]_surprise_SUCCESS
[07:04:2026]-[20:05:07]_secret_RUNNING
[07:04:2026]-[20:05:07]_secret_SUCCESS
[07:04:2026]-[20:05:07]_surprise_RUNNING
[07:04:2026]-[20:05:07]_surprise_SUCCESS
[07:04:2026]-[20:05:17]_secret_RUNNING
[07:04:2026]-[20:05:17]_secret_SUCCESS
[07:04:2026]-[20:05:17]_surprise_RUNNING
[07:04:2026]-[20:05:17]_surprise_SUCCESS
[07:04:2026]-[20:05:27]_secret_RUNNING
[07:04:2026]-[20:05:27]_secret_SUCCESS
[07:04:2026]-[20:05:27]_surprise_RUNNING
[07:04:2026]-[20:05:27]_surprise_SUCCESS
[07:04:2026]-[20:05:37]_secret_RUNNING
[07:04:2026]-[20:05:37]_secret_SUCCESS
[07:04:2026]-[20:05:37]_surprise_RUNNING
[07:04:2026]-[20:05:37]_surprise_SUCCESS
[07:04:2026]-[20:05:47]_secret_RUNNING
[07:04:2026]-[20:05:47]_secret_SUCCESS
[07:04:2026]-[20:05:47]_surprise_RUNNING
[07:04:2026]-[20:05:47]_surprise_SUCCESS
[07:04:2026]-[20:05:57]_secret_RUNNING
[07:04:2026]-[20:05:57]_secret_SUCCESS
[07:04:2026]-[20:05:57]_surprise_RUNNING
[07:04:2026]-[20:05:57]_surprise_SUCCESS
[07:04:2026]-[20:06:07]_secret_RUNNING
[07:04:2026]-[20:06:07]_secret_SUCCESS
[07:04:2026]-[20:06:07]_surprise_RUNNING
[07:04:2026]-[20:06:07]_surprise_SUCCESS
[07:04:2026]-[20:06:17]_secret_RUNNING
[07:04:2026]-[20:06:17]_secret_SUCCESS
[07:04:2026]-[20:06:17]_surprise_RUNNING
[07:04:2026]-[20:06:17]_surprise_SUCCESS
[07:04:2026]-[20:06:27]_secret_RUNNING
[07:04:2026]-[20:06:27]_secret_SUCCESS
[07:04:2026]-[20:06:27]_surprise_RUNNING
[07:04:2026]-[20:06:27]_surprise_SUCCESS
[07:04:2026]-[20:06:37]_secret_RUNNING
[07:04:2026]-[20:06:37]_secret_SUCCESS
[07:04:2026]-[20:06:37]_surprise_RUNNING
[07:04:2026]-[20:06:37]_surprise_SUCCESS
[07:04:2026]-[20:06:47]_secret_RUNNING
[07:04:2026]-[20:06:47]_secret_SUCCESS
[07:04:2026]-[20:06:47]_surprise_RUNNING
[07:04:2026]-[20:06:47]_surprise_SUCCESS
[07:04:2026]-[20:06:57]_secret_RUNNING
[07:04:2026]-[20:06:57]_secret_SUCCESS
[07:04:2026]-[20:06:57]_surprise_RUNNING
[07:04:2026]-[20:06:57]_surprise_SUCCESS
[07:04:2026]-[20:07:07]_secret_RUNNING
[07:04:2026]-[20:07:07]_secret_SUCCESS
[07:04:2026]-[20:07:07]_surprise_RUNNING
[07:04:2026]-[20:07:07]_surprise_SUCCESS
[07:04:2026]-[20:07:17]_secret_RUNNING
[07:04:2026]-[20:07:17]_secret_SUCCESS
[07:04:2026]-[20:07:17]_surprise_RUNNING
[07:04:2026]-[20:07:17]_surprise_SUCCESS
[07:04:2026]-[20:07:27]_secret_RUNNING
[07:04:2026]-[20:07:27]_secret_SUCCESS
[07:04:2026]-[20:07:27]_surprise_RUNNING
[07:04:2026]-[20:07:27]_surprise_SUCCESS
[07:04:2026]-[20:07:37]_secret_RUNNING
[07:04:2026]-[20:07:37]_secret_SUCCESS
[07:04:2026]-[20:07:37]_surprise_RUNNING
[07:04:2026]-[20:07:37]_surprise_SUCCESS
[07:04:2026]-[20:07:47]_secret_RUNNING
[07:04:2026]-[20:07:47]_secret_SUCCESS
[07:04:2026]-[20:07:47]_surprise_RUNNING
[07:04:2026]-[20:07:47]_surprise_SUCCESS
[07:04:2026]-[20:07:57]_secret_RUNNING
[07:04:2026]-[20:07:57]_secret_SUCCESS
[07:04:2026]-[20:07:57]_surprise_RUNNING
[07:04:2026]-[20:07:57]_surprise_SUCCESS
[07:04:2026]-[20:08:07]_secret_RUNNING
[07:04:2026]-[20:08:07]_secret_SUCCESS
[07:04:2026]-[20:08:07]_surprise_RUNNING
[07:04:2026]-[20:08:07]_surprise_SUCCESS
[07:04:2026]-[20:08:17]_secret_RUNNING
[07:04:2026]-[20:08:17]_secret_SUCCESS
[07:04:2026]-[20:08:17]_surprise_RUNNING
[07:04:2026]-[20:08:18]_surprise_SUCCESS
[07:04:2026]-[20:08:28]_secret_RUNNING
[07:04:2026]-[20:08:28]_secret_SUCCESS
[07:04:2026]-[20:08:28]_surprise_RUNNING
[07:04:2026]-[20:08:28]_surprise_SUCCESS
[07:04:2026]-[20:08:38]_secret_RUNNING
[07:04:2026]-[20:08:38]_secret_SUCCESS
[07:04:2026]-[20:08:38]_surprise_RUNNING
[07:04:2026]-[20:08:38]_surprise_SUCCESS
[07:04:2026]-[20:08:48]_secret_RUNNING
[07:04:2026]-[20:08:48]_secret_SUCCESS
[07:04:2026]-[20:08:48]_surprise_RUNNING
[07:04:2026]-[20:08:48]_surprise_SUCCESS
[07:04:2026]-[20:08:58]_secret_RUNNING
[07:04:2026]-[20:08:58]_secret_SUCCESS
[07:04:2026]-[20:08:58]_surprise_RUNNING
[07:04:2026]-[20:08:58]_surprise_SUCCESS
[07:04:2026]-[20:09:08]_secret_RUNNING
[07:04:2026]-[20:09:08]_secret_SUCCESS
[07:04:2026]-[20:09:08]_surprise_RUNNING
[07:04:2026]-[20:09:08]_surprise_SUCCESS
[07:04:2026]-[20:09:18]_secret_RUNNING
[07:04:2026]-[20:09:18]_secret_SUCCESS
[07:04:2026]-[20:09:18]_surprise_RUNNING
[07:04:2026]-[20:09:18]_surprise_SUCCESS
[07:04:2026]-[20:09:28]_secret_RUNNING
[07:04:2026]-[20:09:28]_secret_SUCCESS
[07:04:2026]-[20:09:28]_surprise_RUNNING
[07:04:2026]-[20:09:28]_surprise_SUCCESS
[07:04:2026]-[20:09:38]_secret_RUNNING
[07:04:2026]-[20:09:38]_secret_SUCCESS
[07:04:2026]-[20:09:38]_surprise_RUNNING
[07:04:2026]-[20:09:38]_surprise_SUCCESS
[07:04:2026]-[20:09:48]_secret_RUNNING
[07:04:2026]-[20:09:48]_secret_SUCCESS
[07:04:2026]-[20:09:48]_surprise_RUNNING
[07:04:2026]-[20:09:48]_surprise_SUCCESS
[07:04:2026]-[20:09:58]_secret_RUNNING
[07:04:2026]-[20:09:58]_secret_SUCCESS
[07:04:2026]-[20:09:58]_surprise_RUNNING
[07:04:2026]-[20:09:58]_surprise_SUCCESS
[07:04:2026]-[20:10:08]_secret_RUNNING
[07:04:2026]-[20:10:08]_secret_SUCCESS
[07:04:2026]-[20:10:08]_surprise_RUNNING
[07:04:2026]-[20:10:08]_surprise_SUCCESS
[07:04:2026]-[20:10:18]_secret_RUNNING
[07:04:2026]-[20:10:18]_secret_SUCCESS
[07:04:2026]-[20:10:18]_surprise_RUNNING
[07:04:2026]-[20:10:18]_surprise_SUCCESS
[07:04:2026]-[20:10:28]_secret_RUNNING
[07:04:2026]-[20:10:28]_secret_SUCCESS
[07:04:2026]-[20:10:28]_surprise_RUNNING
[07:04:2026]-[20:10:28]_surprise_SUCCESS
[07:04:2026]-[20:10:38]_secret_RUNNING
[07:04:2026]-[20:10:38]_secret_SUCCESS
[07:04:2026]-[20:10:38]_surprise_RUNNING
[07:04:2026]-[20:10:38]_surprise_SUCCESS
[07:04:2026]-[20:10:48]_secret_RUNNING
[07:04:2026]-[20:10:48]_secret_SUCCESS
[07:04:2026]-[20:10:48]_surprise_RUNNING
[07:04:2026]-[20:10:48]_surprise_SUCCESS
[07:04:2026]-[20:10:58]_secret_RUNNING
[07:04:2026]-[20:10:58]_secret_SUCCESS
[07:04:2026]-[20:10:58]_surprise_RUNNING
[07:04:2026]-[20:10:58]_surprise_SUCCESS
[07:04:2026]-[20:11:08]_secret_RUNNING
[07:04:2026]-[20:11:08]_secret_SUCCESS
[07:04:2026]-[20:11:08]_surprise_RUNNING
[07:04:2026]-[20:11:08]_surprise_SUCCESS
[07:04:2026]-[20:11:18]_secret_RUNNING
[07:04:2026]-[20:11:18]_secret_SUCCESS
[07:04:2026]-[20:11:18]_surprise_RUNNING
[07:04:2026]-[20:11:18]_surprise_SUCCESS
[07:04:2026]-[20:11:28]_secret_RUNNING
[07:04:2026]-[20:11:28]_secret_SUCCESS
[07:04:2026]-[20:11:28]_surprise_RUNNING
[07:04:2026]-[20:11:28]_surprise_SUCCESS
[07:04:2026]-[20:11:38]_secret_RUNNING
[07:04:2026]-[20:11:38]_secret_SUCCESS
[07:04:2026]-[20:11:38]_surprise_RUNNING
[07:04:2026]-[20:11:38]_surprise_SUCCESS
[07:04:2026]-[20:11:48]_secret_RUNNING
[07:04:2026]-[20:11:48]_secret_SUCCESS
[07:04:2026]-[20:11:48]_surprise_RUNNING
[07:04:2026]-[20:11:48]_surprise_SUCCESS
[07:04:2026]-[20:11:58]_secret_RUNNING
[07:04:2026]-[20:11:58]_secret_SUCCESS
[07:04:2026]-[20:11:58]_surprise_RUNNING
[07:04:2026]-[20:11:58]_surprise_SUCCESS
[07:04:2026]-[20:12:08]_secret_RUNNING
[07:04:2026]-[20:12:08]_secret_SUCCESS
[07:04:2026]-[20:12:08]_surprise_RUNNING
[07:04:2026]-[20:12:08]_surprise_SUCCESS
[07:04:2026]-[20:12:18]_secret_RUNNING
[07:04:2026]-[20:12:18]_secret_SUCCESS
[07:04:2026]-[20:12:18]_surprise_RUNNING
[07:04:2026]-[20:12:18]_surprise_SUCCESS
[07:04:2026]-[20:12:28]_secret_RUNNING
[07:04:2026]-[20:12:28]_secret_SUCCESS
[07:04:2026]-[20:12:28]_surprise_RUNNING
[07:04:2026]-[20:12:28]_surprise_SUCCESS
[07:04:2026]-[20:12:38]_secret_RUNNING
[07:04:2026]-[20:12:38]_secret_SUCCESS
[07:04:2026]-[20:12:38]_surprise_RUNNING
[07:04:2026]-[20:12:38]_surprise_SUCCESS
[07:04:2026]-[20:12:49]_secret_RUNNING
[07:04:2026]-[20:12:49]_secret_SUCCESS
[07:04:2026]-[20:12:49]_surprise_RUNNING
[07:04:2026]-[20:12:49]_surprise_SUCCESS
[07:04:2026]-[20:12:59]_secret_RUNNING
[07:04:2026]-[20:12:59]_secret_SUCCESS
[07:04:2026]-[20:12:59]_surprise_RUNNING
[07:04:2026]-[20:12:59]_surprise_SUCCESS
[07:04:2026]-[20:13:09]_secret_RUNNING
[07:04:2026]-[20:13:09]_secret_SUCCESS
[07:04:2026]-[20:13:09]_surprise_RUNNING
[07:04:2026]-[20:13:09]_surprise_SUCCESS
[07:04:2026]-[20:13:19]_secret_RUNNING
[07:04:2026]-[20:13:19]_secret_SUCCESS
[07:04:2026]-[20:13:19]_surprise_RUNNING
[07:04:2026]-[20:13:19]_surprise_SUCCESS
[07:04:2026]-[20:13:29]_secret_RUNNING
[07:04:2026]-[20:13:29]_secret_SUCCESS
[07:04:2026]-[20:13:29]_surprise_RUNNING
[07:04:2026]-[20:13:29]_surprise_SUCCESS
[07:04:2026]-[20:13:39]_secret_RUNNING
[07:04:2026]-[20:13:39]_secret_SUCCESS
[07:04:2026]-[20:13:39]_surprise_RUNNING
[07:04:2026]-[20:13:39]_surprise_SUCCESS
[07:04:2026]-[20:13:49]_secret_RUNNING
[07:04:2026]-[20:13:49]_secret_SUCCESS
[07:04:2026]-[20:13:49]_surprise_RUNNING
[07:04:2026]-[20:13:49]_surprise_SUCCESS
[07:04:2026]-[20:13:59]_secret_RUNNING
[07:04:2026]-[20:13:59]_secret_SUCCESS
[07:04:2026]-[20:13:59]_surprise_RUNNING
[07:04:2026]-[20:13:59]_surprise_SUCCESS
[07:04:2026]-[20:14:09]_secret_RUNNING
[07:04:2026]-[20:14:09]_secret_SUCCESS
[07:04:2026]-[20:14:09]_surprise_RUNNING
[07:04:2026]-[20:14:09]_surprise_SUCCESS
[07:04:2026]-[20:14:19]_secret_RUNNING
[07:04:2026]-[20:14:19]_secret_SUCCESS
[07:04:2026]-[20:14:19]_surprise_RUNNING
[07:04:2026]-[20:14:19]_surprise_SUCCESS
[07:04:2026]-[20:14:29]_secret_RUNNING
[07:04:2026]-[20:14:29]_secret_SUCCESS
[07:04:2026]-[20:14:29]_surprise_RUNNING
[07:04:2026]-[20:14:29]_surprise_SUCCESS
[07:04:2026]-[20:14:39]_secret_RUNNING
[07:04:2026]-[20:14:39]_secret_SUCCESS
[07:04:2026]-[20:14:39]_surprise_RUNNING
[07:04:2026]-[20:14:39]_surprise_SUCCESS
[07:04:2026]-[20:14:49]_secret_RUNNING
[07:04:2026]-[20:14:49]_secret_SUCCESS
[07:04:2026]-[20:14:49]_surprise_RUNNING
[07:04:2026]-[20:14:49]_surprise_SUCCESS
[07:04:2026]-[20:14:59]_secret_RUNNING
[07:04:2026]-[20:14:59]_secret_SUCCESS
[07:04:2026]-[20:14:59]_surprise_RUNNING
[07:04:2026]-[20:14:59]_surprise_SUCCESS
[07:04:2026]-[20:15:09]_secret_RUNNING
[07:04:2026]-[20:15:09]_secret_SUCCESS
[07:04:2026]-[20:15:09]_surprise_RUNNING
[07:04:2026]-[20:15:09]_surprise_SUCCESS
[07:04:2026]-[20:15:19]_secret_RUNNING
[07:04:2026]-[20:15:19]_secret_SUCCESS
[07:04:2026]-[20:15:19]_surprise_RUNNING
[07:04:2026]-[20:15:19]_surprise_SUCCESS
[07:04:2026]-[20:15:29]_secret_RUNNING
[07:04:2026]-[20:15:29]_secret_SUCCESS
[07:04:2026]-[20:15:29]_surprise_RUNNING
[07:04:2026]-[20:15:29]_surprise_SUCCESS
[07:04:2026]-[20:15:39]_secret_RUNNING
[07:04:2026]-[20:15:39]_secret_SUCCESS
[07:04:2026]-[20:15:39]_surprise_RUNNING
[07:04:2026]-[20:15:39]_surprise_SUCCESS
[07:04:2026]-[20:15:49]_secret_RUNNING
[07:04:2026]-[20:15:49]_secret_SUCCESS
[07:04:2026]-[20:15:49]_surprise_RUNNING
[07:04:2026]-[20:15:49]_surprise_SUCCESS
[07:04:2026]-[20:15:59]_secret_RUNNING
[07:04:2026]-[20:15:59]_secret_SUCCESS
[07:04:2026]-[20:15:59]_surprise_RUNNING
[07:04:2026]-[20:15:59]_surprise_SUCCESS
[07:04:2026]-[20:16:09]_secret_RUNNING
[07:04:2026]-[20:16:09]_secret_SUCCESS
[07:04:2026]-[20:16:09]_surprise_RUNNING
[07:04:2026]-[20:16:09]_surprise_SUCCESS
[07:04:2026]-[20:16:19]_secret_RUNNING
[07:04:2026]-[20:16:19]_secret_SUCCESS
[07:04:2026]-[20:16:19]_surprise_RUNNING
[07:04:2026]-[20:16:19]_surprise_SUCCESS
[07:04:2026]-[20:16:29]_secret_RUNNING
[07:04:2026]-[20:16:29]_secret_SUCCESS
[07:04:2026]-[20:16:29]_surprise_RUNNING
[07:04:2026]-[20:16:29]_surprise_SUCCESS
[07:04:2026]-[20:16:39]_secret_RUNNING
[07:04:2026]-[20:16:39]_secret_SUCCESS
[07:04:2026]-[20:16:39]_surprise_RUNNING
[07:04:2026]-[20:16:39]_surprise_SUCCESS
[07:04:2026]-[20:16:50]_secret_RUNNING
[07:04:2026]-[20:16:50]_secret_SUCCESS
[07:04:2026]-[20:16:50]_surprise_RUNNING
[07:04:2026]-[20:16:50]_surprise_SUCCESS
[07:04:2026]-[20:17:00]_secret_RUNNING
[07:04:2026]-[20:17:00]_secret_SUCCESS
[07:04:2026]-[20:17:00]_surprise_RUNNING
[07:04:2026]-[20:17:00]_surprise_SUCCESS
[07:04:2026]-[20:17:10]_secret_RUNNING
[07:04:2026]-[20:17:10]_secret_SUCCESS
[07:04:2026]-[20:17:10]_surprise_RUNNING
[07:04:2026]-[20:17:10]_surprise_SUCCESS
[07:04:2026]-[20:17:20]_secret_RUNNING
[07:04:2026]-[20:17:20]_secret_SUCCESS
[07:04:2026]-[20:17:20]_surprise_RUNNING
[07:04:2026]-[20:17:20]_surprise_SUCCESS
[07:04:2026]-[20:17:30]_secret_RUNNING
[07:04:2026]-[20:17:30]_secret_SUCCESS
[07:04:2026]-[20:17:30]_surprise_RUNNING
[07:04:2026]-[20:17:30]_surprise_SUCCESS
[07:04:2026]-[20:17:40]_secret_RUNNING
[07:04:2026]-[20:17:40]_secret_SUCCESS
[07:04:2026]-[20:17:40]_surprise_RUNNING
[07:04:2026]-[20:17:40]_surprise_SUCCESS
[07:04:2026]-[20:17:50]_secret_RUNNING
[07:04:2026]-[20:17:50]_secret_SUCCESS
[07:04:2026]-[20:17:50]_surprise_RUNNING
[07:04:2026]-[20:17:50]_surprise_SUCCESS
[07:04:2026]-[20:18:00]_secret_RUNNING
[07:04:2026]-[20:18:00]_secret_SUCCESS
[07:04:2026]-[20:18:00]_surprise_RUNNING
[07:04:2026]-[20:18:00]_surprise_SUCCESS
[07:04:2026]-[20:18:10]_secret_RUNNING
[07:04:2026]-[20:18:10]_secret_SUCCESS
[07:04:2026]-[20:18:10]_surprise_RUNNING
[07:04:2026]-[20:18:10]_surprise_SUCCESS
[07:04:2026]-[20:18:20]_secret_RUNNING
[07:04:2026]-[20:18:20]_secret_SUCCESS
[07:04:2026]-[20:18:20]_surprise_RUNNING
[07:04:2026]-[20:18:20]_surprise_SUCCESS
[07:04:2026]-[20:18:30]_secret_RUNNING
[07:04:2026]-[20:18:30]_secret_SUCCESS
[07:04:2026]-[20:18:30]_surprise_RUNNING
[07:04:2026]-[20:18:30]_surprise_SUCCESS
[07:04:2026]-[20:18:40]_secret_RUNNING
[07:04:2026]-[20:18:40]_secret_SUCCESS
[07:04:2026]-[20:18:40]_surprise_RUNNING
[07:04:2026]-[20:18:40]_surprise_SUCCESS
[07:04:2026]-[20:18:50]_secret_RUNNING
[07:04:2026]-[20:18:50]_secret_SUCCESS
[07:04:2026]-[20:18:50]_surprise_RUNNING
[07:04:2026]-[20:18:50]_surprise_SUCCESS
[07:04:2026]-[20:19:00]_secret_RUNNING
[07:04:2026]-[20:19:00]_secret_SUCCESS
[07:04:2026]-[20:19:00]_surprise_RUNNING
[07:04:2026]-[20:19:00]_surprise_SUCCESS
[07:04:2026]-[20:19:10]_secret_RUNNING
[07:04:2026]-[20:19:10]_secret_SUCCESS
[07:04:2026]-[20:19:10]_surprise_RUNNING
[07:04:2026]-[20:19:10]_surprise_SUCCESS
[07:04:2026]-[20:19:20]_secret_RUNNING
[07:04:2026]-[20:19:20]_secret_SUCCESS
[07:04:2026]-[20:19:20]_surprise_RUNNING
[07:04:2026]-[20:19:20]_surprise_SUCCESS
[07:04:2026]-[20:19:30]_secret_RUNNING
[07:04:2026]-[20:19:30]_secret_SUCCESS
[07:04:2026]-[20:19:30]_surprise_RUNNING
[07:04:2026]-[20:19:30]_surprise_SUCCESS
[07:04:2026]-[20:19:40]_secret_RUNNING
[07:04:2026]-[20:19:40]_secret_SUCCESS
[07:04:2026]-[20:19:40]_surprise_RUNNING
[07:04:2026]-[20:19:40]_surprise_SUCCESS
[07:04:2026]-[20:19:50]_secret_RUNNING
[07:04:2026]-[20:19:50]_secret_SUCCESS
[07:04:2026]-[20:19:50]_surprise_RUNNING
[07:04:2026]-[20:19:50]_surprise_SUCCESS
[07:04:2026]-[20:20:00]_secret_RUNNING
[07:04:2026]-[20:20:00]_secret_SUCCESS
[07:04:2026]-[20:20:00]_surprise_RUNNING
[07:04:2026]-[20:20:00]_surprise_SUCCESS
[07:04:2026]-[20:20:10]_secret_RUNNING
[07:04:2026]-[20:20:10]_secret_SUCCESS
[07:04:2026]-[20:20:10]_surprise_RUNNING
[07:04:2026]-[20:20:10]_surprise_SUCCESS
[07:04:2026]-[20:20:20]_secret_RUNNING
[07:04:2026]-[20:20:20]_secret_SUCCESS
[07:04:2026]-[20:20:20]_surprise_RUNNING
[07:04:2026]-[20:20:20]_surprise_SUCCESS
[07:04:2026]-[20:20:30]_secret_RUNNING
[07:04:2026]-[20:20:30]_secret_SUCCESS
[07:04:2026]-[20:20:30]_surprise_RUNNING
[07:04:2026]-[20:20:30]_surprise_SUCCESS
[07:04:2026]-[20:20:40]_secret_RUNNING
[07:04:2026]-[20:20:40]_secret_SUCCESS
[07:04:2026]-[20:20:40]_surprise_RUNNING
[07:04:2026]-[20:20:40]_surprise_SUCCESS
[07:04:2026]-[20:20:50]_secret_RUNNING
[07:04:2026]-[20:20:50]_secret_SUCCESS
[07:04:2026]-[20:20:50]_surprise_RUNNING
[07:04:2026]-[20:20:50]_surprise_SUCCESS
[07:04:2026]-[20:21:00]_secret_RUNNING
[07:04:2026]-[20:21:00]_secret_SUCCESS
[07:04:2026]-[20:21:00]_surprise_RUNNING
[07:04:2026]-[20:21:00]_surprise_SUCCESS
[07:04:2026]-[20:21:10]_secret_RUNNING
[07:04:2026]-[20:21:10]_secret_SUCCESS
[07:04:2026]-[20:21:10]_surprise_RUNNING
[07:04:2026]-[20:21:10]_surprise_SUCCESS
[07:04:2026]-[20:21:20]_secret_RUNNING
[07:04:2026]-[20:21:20]_secret_SUCCESS
[07:04:2026]-[20:21:20]_surprise_RUNNING
[07:04:2026]-[20:21:20]_surprise_SUCCESS
[07:04:2026]-[20:21:30]_secret_RUNNING
[07:04:2026]-[20:21:30]_secret_SUCCESS
[07:04:2026]-[20:21:30]_surprise_RUNNING
[07:04:2026]-[20:21:30]_surprise_SUCCESS
[07:04:2026]-[20:21:40]_secret_RUNNING
[07:04:2026]-[20:21:40]_secret_SUCCESS
[07:04:2026]-[20:21:40]_surprise_RUNNING
[07:04:2026]-[20:21:40]_surprise_SUCCESS
[07:04:2026]-[20:21:51]_secret_RUNNING
[07:04:2026]-[20:21:51]_secret_SUCCESS
[07:04:2026]-[20:21:51]_surprise_RUNNING
[07:04:2026]-[20:21:51]_surprise_SUCCESS
[07:04:2026]-[20:22:01]_secret_RUNNING
[07:04:2026]-[20:22:01]_secret_SUCCESS
[07:04:2026]-[20:22:01]_surprise_RUNNING
[07:04:2026]-[20:22:01]_surprise_SUCCESS
[07:04:2026]-[20:22:11]_secret_RUNNING
[07:04:2026]-[20:22:11]_secret_SUCCESS
[07:04:2026]-[20:22:11]_surprise_RUNNING
[07:04:2026]-[20:22:11]_surprise_SUCCESS
[07:04:2026]-[20:22:21]_secret_RUNNING
[07:04:2026]-[20:22:21]_secret_SUCCESS
[07:04:2026]-[20:22:21]_surprise_RUNNING
[07:04:2026]-[20:22:21]_surprise_SUCCESS
[07:04:2026]-[20:22:31]_secret_RUNNING
[07:04:2026]-[20:22:31]_secret_SUCCESS
[07:04:2026]-[20:22:31]_surprise_RUNNING
[07:04:2026]-[20:22:31]_surprise_SUCCESS
[07:04:2026]-[20:22:41]_secret_RUNNING
[07:04:2026]-[20:22:41]_secret_SUCCESS
[07:04:2026]-[20:22:41]_surprise_RUNNING
[07:04:2026]-[20:22:41]_surprise_SUCCESS
[07:04:2026]-[20:22:51]_secret_RUNNING
[07:04:2026]-[20:22:51]_secret_SUCCESS
[07:04:2026]-[20:22:51]_surprise_RUNNING
[07:04:2026]-[20:22:51]_surprise_SUCCESS
[07:04:2026]-[20:23:01]_secret_RUNNING
[07:04:2026]-[20:23:01]_secret_SUCCESS
[07:04:2026]-[20:23:01]_surprise_RUNNING
[07:04:2026]-[20:23:01]_surprise_SUCCESS
[07:04:2026]-[20:23:11]_secret_RUNNING
[07:04:2026]-[20:23:11]_secret_SUCCESS
[07:04:2026]-[20:23:11]_surprise_RUNNING
[07:04:2026]-[20:23:11]_surprise_SUCCESS
[07:04:2026]-[20:23:21]_secret_RUNNING
[07:04:2026]-[20:23:21]_secret_SUCCESS
[07:04:2026]-[20:23:21]_surprise_RUNNING
[07:04:2026]-[20:23:21]_surprise_SUCCESS
[07:04:2026]-[20:23:31]_secret_RUNNING
[07:04:2026]-[20:23:31]_secret_SUCCESS
[07:04:2026]-[20:23:31]_surprise_RUNNING
[07:04:2026]-[20:23:31]_surprise_SUCCESS
[07:04:2026]-[20:23:41]_secret_RUNNING
[07:04:2026]-[20:23:41]_secret_SUCCESS
[07:04:2026]-[20:23:41]_surprise_RUNNING
[07:04:2026]-[20:23:41]_surprise_SUCCESS
[07:04:2026]-[20:23:51]_secret_RUNNING
[07:04:2026]-[20:23:51]_secret_SUCCESS
[07:04:2026]-[20:23:51]_surprise_RUNNING
[07:04:2026]-[20:23:51]_surprise_SUCCESS
[07:04:2026]-[20:24:01]_secret_RUNNING
[07:04:2026]-[20:24:01]_secret_SUCCESS
[07:04:2026]-[20:24:01]_surprise_RUNNING
[07:04:2026]-[20:24:01]_surprise_SUCCESS
[07:04:2026]-[20:24:11]_secret_RUNNING
[07:04:2026]-[20:24:11]_secret_SUCCESS
[07:04:2026]-[20:24:11]_surprise_RUNNING
[07:04:2026]-[20:24:11]_surprise_SUCCESS
[07:04:2026]-[20:24:21]_secret_RUNNING
[07:04:2026]-[20:24:21]_secret_SUCCESS
[07:04:2026]-[20:24:21]_surprise_RUNNING
[07:04:2026]-[20:24:21]_surprise_SUCCESS
[07:04:2026]-[20:24:31]_secret_RUNNING
[07:04:2026]-[20:24:31]_secret_SUCCESS
[07:04:2026]-[20:24:31]_surprise_RUNNING
[07:04:2026]-[20:24:31]_surprise_SUCCESS
[07:04:2026]-[20:24:41]_secret_RUNNING
[07:04:2026]-[20:24:41]_secret_SUCCESS
[07:04:2026]-[20:24:41]_surprise_RUNNING
[07:04:2026]-[20:24:41]_surprise_SUCCESS
[07:04:2026]-[20:24:51]_secret_RUNNING
[07:04:2026]-[20:24:51]_secret_SUCCESS
[07:04:2026]-[20:24:51]_surprise_RUNNING
[07:04:2026]-[20:24:51]_surprise_SUCCESS
[07:04:2026]-[20:25:01]_secret_RUNNING
[07:04:2026]-[20:25:01]_secret_SUCCESS
[07:04:2026]-[20:25:01]_surprise_RUNNING
[07:04:2026]-[20:25:01]_surprise_SUCCESS
[07:04:2026]-[20:25:11]_secret_RUNNING
[07:04:2026]-[20:25:11]_secret_SUCCESS
[07:04:2026]-[20:25:11]_surprise_RUNNING
[07:04:2026]-[20:25:11]_surprise_SUCCESS
[07:04:2026]-[20:25:21]_secret_RUNNING
[07:04:2026]-[20:25:21]_secret_SUCCESS
[07:04:2026]-[20:25:21]_surprise_RUNNING
[07:04:2026]-[20:25:21]_surprise_SUCCESS
[07:04:2026]-[20:25:31]_secret_RUNNING
[07:04:2026]-[20:25:31]_secret_SUCCESS
[07:04:2026]-[20:25:31]_surprise_RUNNING
[07:04:2026]-[20:25:31]_surprise_SUCCESS
[07:04:2026]-[20:25:41]_secret_RUNNING
[07:04:2026]-[20:25:41]_secret_SUCCESS
[07:04:2026]-[20:25:41]_surprise_RUNNING
[07:04:2026]-[20:25:41]_surprise_SUCCESS
[07:04:2026]-[20:25:51]_secret_RUNNING
[07:04:2026]-[20:25:51]_secret_SUCCESS
[07:04:2026]-[20:25:51]_surprise_RUNNING
[07:04:2026]-[20:25:51]_surprise_SUCCESS
[07:04:2026]-[20:26:01]_secret_RUNNING
[07:04:2026]-[20:26:01]_secret_SUCCESS
[07:04:2026]-[20:26:01]_surprise_RUNNING
[07:04:2026]-[20:26:01]_surprise_SUCCESS
[07:04:2026]-[20:26:11]_secret_RUNNING
[07:04:2026]-[20:26:11]_secret_SUCCESS
[07:04:2026]-[20:26:11]_surprise_RUNNING
[07:04:2026]-[20:26:11]_surprise_SUCCESS
[07:04:2026]-[20:26:21]_secret_RUNNING
[07:04:2026]-[20:26:21]_secret_SUCCESS
[07:04:2026]-[20:26:21]_surprise_RUNNING
[07:04:2026]-[20:26:21]_surprise_SUCCESS
[07:04:2026]-[20:26:32]_secret_RUNNING
[07:04:2026]-[20:26:32]_secret_SUCCESS
[07:04:2026]-[20:26:32]_surprise_RUNNING
[07:04:2026]-[20:26:32]_surprise_SUCCESS
[07:04:2026]-[20:26:42]_secret_RUNNING
[07:04:2026]-[20:26:42]_secret_SUCCESS
[07:04:2026]-[20:26:42]_surprise_RUNNING
[07:04:2026]-[20:26:42]_surprise_SUCCESS
[07:04:2026]-[20:26:52]_secret_RUNNING
[07:04:2026]-[20:26:52]_secret_SUCCESS
[07:04:2026]-[20:26:52]_surprise_RUNNING
[07:04:2026]-[20:26:52]_surprise_SUCCESS
[07:04:2026]-[20:27:02]_secret_RUNNING
[07:04:2026]-[20:27:02]_secret_SUCCESS
[07:04:2026]-[20:27:02]_surprise_RUNNING
[07:04:2026]-[20:27:02]_surprise_SUCCESS
[07:04:2026]-[20:27:12]_secret_RUNNING
[07:04:2026]-[20:27:12]_secret_SUCCESS
[07:04:2026]-[20:27:12]_surprise_RUNNING
[07:04:2026]-[20:27:12]_surprise_SUCCESS
[07:04:2026]-[20:27:22]_secret_RUNNING
[07:04:2026]-[20:27:22]_secret_SUCCESS
[07:04:2026]-[20:27:22]_surprise_RUNNING
[07:04:2026]-[20:27:22]_surprise_SUCCESS
[07:04:2026]-[20:27:32]_secret_RUNNING
[07:04:2026]-[20:27:32]_secret_SUCCESS
[07:04:2026]-[20:27:32]_surprise_RUNNING
[07:04:2026]-[20:27:32]_surprise_SUCCESS
[07:04:2026]-[20:27:42]_secret_RUNNING
[07:04:2026]-[20:27:42]_secret_SUCCESS
[07:04:2026]-[20:27:42]_surprise_RUNNING
[07:04:2026]-[20:27:42]_surprise_SUCCESS
[07:04:2026]-[20:27:52]_secret_RUNNING
[07:04:2026]-[20:27:52]_secret_SUCCESS
[07:04:2026]-[20:27:52]_surprise_RUNNING
[07:04:2026]-[20:27:52]_surprise_SUCCESS
[07:04:2026]-[20:28:02]_secret_RUNNING
[07:04:2026]-[20:28:02]_secret_SUCCESS
[07:04:2026]-[20:28:02]_surprise_RUNNING
[07:04:2026]-[20:28:02]_surprise_SUCCESS
[07:04:2026]-[20:28:12]_secret_RUNNING
[07:04:2026]-[20:28:12]_secret_SUCCESS
[07:04:2026]-[20:28:12]_surprise_RUNNING
[07:04:2026]-[20:28:12]_surprise_SUCCESS
[07:04:2026]-[20:28:22]_secret_RUNNING
[07:04:2026]-[20:28:22]_secret_SUCCESS
[07:04:2026]-[20:28:22]_surprise_RUNNING
[07:04:2026]-[20:28:22]_surprise_SUCCESS
[07:04:2026]-[20:28:32]_secret_RUNNING
[07:04:2026]-[20:28:32]_secret_SUCCESS
[07:04:2026]-[20:28:32]_surprise_RUNNING
[07:04:2026]-[20:28:32]_surprise_SUCCESS
[07:04:2026]-[20:28:42]_secret_RUNNING
[07:04:2026]-[20:28:42]_secret_SUCCESS
[07:04:2026]-[20:28:42]_surprise_RUNNING
[07:04:2026]-[20:28:42]_surprise_SUCCESS
[07:04:2026]-[20:28:52]_secret_RUNNING
[07:04:2026]-[20:28:52]_secret_SUCCESS
[07:04:2026]-[20:28:52]_surprise_RUNNING
[07:04:2026]-[20:28:52]_surprise_SUCCESS
[07:04:2026]-[20:29:02]_secret_RUNNING
[07:04:2026]-[20:29:02]_secret_SUCCESS
[07:04:2026]-[20:29:02]_surprise_RUNNING
[07:04:2026]-[20:29:02]_surprise_SUCCESS
[07:04:2026]-[20:29:12]_secret_RUNNING
[07:04:2026]-[20:29:12]_secret_SUCCESS
[07:04:2026]-[20:29:12]_surprise_RUNNING
[07:04:2026]-[20:29:12]_surprise_SUCCESS
[07:04:2026]-[20:29:22]_secret_RUNNING
[07:04:2026]-[20:29:22]_secret_SUCCESS
[07:04:2026]-[20:29:22]_surprise_RUNNING
[07:04:2026]-[20:29:22]_surprise_SUCCESS
[07:04:2026]-[20:29:32]_secret_RUNNING
[07:04:2026]-[20:29:32]_secret_SUCCESS
[07:04:2026]-[20:29:32]_surprise_RUNNING
[07:04:2026]-[20:29:32]_surprise_SUCCESS
[07:04:2026]-[20:29:42]_secret_RUNNING
[07:04:2026]-[20:29:42]_secret_SUCCESS
[07:04:2026]-[20:29:42]_surprise_RUNNING
[07:04:2026]-[20:29:42]_surprise_SUCCESS
[07:04:2026]-[20:29:52]_secret_RUNNING
[07:04:2026]-[20:29:52]_secret_SUCCESS
[07:04:2026]-[20:29:52]_surprise_RUNNING
[07:04:2026]-[20:29:52]_surprise_SUCCESS
[07:04:2026]-[20:30:02]_secret_RUNNING
[07:04:2026]-[20:30:02]_secret_SUCCESS
[07:04:2026]-[20:30:02]_surprise_RUNNING
[07:04:2026]-[20:30:02]_surprise_SUCCESS
[07:04:2026]-[20:30:12]_secret_RUNNING
[07:04:2026]-[20:30:12]_secret_SUCCESS
[07:04:2026]-[20:30:12]_surprise_RUNNING
[07:04:2026]-[20:30:12]_surprise_SUCCESS
[07:04:2026]-[20:30:22]_secret_RUNNING
[07:04:2026]-[20:30:22]_secret_SUCCESS
[07:04:2026]-[20:30:22]_surprise_RUNNING
[07:04:2026]-[20:30:22]_surprise_SUCCESS
[07:04:2026]-[20:30:32]_secret_RUNNING
[07:04:2026]-[20:30:32]_secret_SUCCESS
[07:04:2026]-[20:30:32]_surprise_RUNNING
[07:04:2026]-[20:30:32]_surprise_SUCCESS
[07:04:2026]-[20:30:43]_secret_RUNNING
[07:04:2026]-[20:30:43]_secret_SUCCESS
[07:04:2026]-[20:30:43]_surprise_RUNNING
[07:04:2026]-[20:30:43]_surprise_SUCCESS
[07:04:2026]-[20:30:53]_secret_RUNNING
[07:04:2026]-[20:30:53]_secret_SUCCESS
[07:04:2026]-[20:30:53]_surprise_RUNNING
[07:04:2026]-[20:30:53]_surprise_SUCCESS
[07:04:2026]-[20:31:03]_secret_RUNNING
[07:04:2026]-[20:31:03]_secret_SUCCESS
[07:04:2026]-[20:31:03]_surprise_RUNNING
[07:04:2026]-[20:31:03]_surprise_SUCCESS
[07:04:2026]-[20:31:13]_secret_RUNNING
[07:04:2026]-[20:31:13]_secret_SUCCESS
[07:04:2026]-[20:31:13]_surprise_RUNNING
[07:04:2026]-[20:31:13]_surprise_SUCCESS
[07:04:2026]-[20:31:23]_secret_RUNNING
[07:04:2026]-[20:31:23]_secret_SUCCESS
[07:04:2026]-[20:31:23]_surprise_RUNNING
[07:04:2026]-[20:31:23]_surprise_SUCCESS
[07:04:2026]-[20:31:33]_secret_RUNNING
[07:04:2026]-[20:31:33]_secret_SUCCESS
[07:04:2026]-[20:31:33]_surprise_RUNNING
[07:04:2026]-[20:31:33]_surprise_SUCCESS
[07:04:2026]-[20:31:43]_secret_RUNNING
[07:04:2026]-[20:31:43]_secret_SUCCESS
[07:04:2026]-[20:31:43]_surprise_RUNNING
[07:04:2026]-[20:31:43]_surprise_SUCCESS
[07:04:2026]-[20:31:53]_secret_RUNNING
[07:04:2026]-[20:31:53]_secret_SUCCESS
[07:04:2026]-[20:31:53]_surprise_RUNNING
[07:04:2026]-[20:31:53]_surprise_SUCCESS
[07:04:2026]-[20:32:03]_secret_RUNNING
[07:04:2026]-[20:32:03]_secret_SUCCESS
[07:04:2026]-[20:32:03]_surprise_RUNNING
[07:04:2026]-[20:32:03]_surprise_SUCCESS
[07:04:2026]-[20:32:13]_secret_RUNNING
[07:04:2026]-[20:32:13]_secret_SUCCESS
[07:04:2026]-[20:32:13]_surprise_RUNNING
[07:04:2026]-[20:32:13]_surprise_SUCCESS
[07:04:2026]-[20:32:23]_secret_RUNNING
[07:04:2026]-[20:32:23]_secret_SUCCESS
[07:04:2026]-[20:32:23]_surprise_RUNNING
[07:04:2026]-[20:32:23]_surprise_SUCCESS
[07:04:2026]-[20:32:33]_secret_RUNNING
[07:04:2026]-[20:32:33]_secret_SUCCESS
[07:04:2026]-[20:32:33]_surprise_RUNNING
[07:04:2026]-[20:32:33]_surprise_SUCCESS
[07:04:2026]-[20:32:43]_secret_RUNNING
[07:04:2026]-[20:32:43]_secret_SUCCESS
[07:04:2026]-[20:32:43]_surprise_RUNNING
[07:04:2026]-[20:32:43]_surprise_SUCCESS
[07:04:2026]-[20:32:53]_secret_RUNNING
[07:04:2026]-[20:32:53]_secret_SUCCESS
[07:04:2026]-[20:32:53]_surprise_RUNNING
[07:04:2026]-[20:32:53]_surprise_SUCCESS
[07:04:2026]-[20:33:03]_secret_RUNNING
[07:04:2026]-[20:33:03]_secret_SUCCESS
[07:04:2026]-[20:33:03]_surprise_RUNNING
[07:04:2026]-[20:33:03]_surprise_SUCCESS
[07:04:2026]-[20:33:13]_secret_RUNNING
[07:04:2026]-[20:33:13]_secret_SUCCESS
[07:04:2026]-[20:33:13]_surprise_RUNNING
[07:04:2026]-[20:33:13]_surprise_SUCCESS
[07:04:2026]-[20:33:23]_secret_RUNNING
[07:04:2026]-[20:33:23]_secret_SUCCESS
[07:04:2026]-[20:33:23]_surprise_RUNNING
[07:04:2026]-[20:33:23]_surprise_SUCCESS
[07:04:2026]-[20:33:33]_secret_RUNNING
[07:04:2026]-[20:33:33]_secret_SUCCESS
[07:04:2026]-[20:33:33]_surprise_RUNNING
[07:04:2026]-[20:33:33]_surprise_SUCCESS
[07:04:2026]-[20:33:43]_secret_RUNNING
[07:04:2026]-[20:33:43]_secret_SUCCESS
[07:04:2026]-[20:33:43]_surprise_RUNNING
[07:04:2026]-[20:33:43]_surprise_SUCCESS
[07:04:2026]-[20:33:53]_secret_RUNNING
[07:04:2026]-[20:33:53]_secret_SUCCESS
[07:04:2026]-[20:33:53]_surprise_RUNNING
[07:04:2026]-[20:33:53]_surprise_SUCCESS
[07:04:2026]-[20:34:03]_secret_RUNNING
[07:04:2026]-[20:34:03]_secret_SUCCESS
[07:04:2026]-[20:34:03]_surprise_RUNNING
[07:04:2026]-[20:34:03]_surprise_SUCCESS
[07:04:2026]-[20:34:13]_secret_RUNNING
[07:04:2026]-[20:34:13]_secret_SUCCESS
[07:04:2026]-[20:34:13]_surprise_RUNNING
[07:04:2026]-[20:34:13]_surprise_SUCCESS
[07:04:2026]-[20:34:23]_secret_RUNNING
[07:04:2026]-[20:34:23]_secret_SUCCESS
[07:04:2026]-[20:34:23]_surprise_RUNNING
[07:04:2026]-[20:34:23]_surprise_SUCCESS
[07:04:2026]-[20:34:33]_secret_RUNNING
[07:04:2026]-[20:34:33]_secret_SUCCESS
[07:04:2026]-[20:34:33]_surprise_RUNNING
[07:04:2026]-[20:34:33]_surprise_SUCCESS
[07:04:2026]-[20:34:43]_secret_RUNNING
[07:04:2026]-[20:34:43]_secret_SUCCESS
[07:04:2026]-[20:34:43]_surprise_RUNNING
[07:04:2026]-[20:34:43]_surprise_SUCCESS
[07:04:2026]-[20:34:53]_secret_RUNNING
[07:04:2026]-[20:34:53]_secret_SUCCESS
[07:04:2026]-[20:34:53]_surprise_RUNNING
[07:04:2026]-[20:34:53]_surprise_SUCCESS
[07:04:2026]-[20:35:03]_secret_RUNNING
[07:04:2026]-[20:35:03]_secret_SUCCESS
[07:04:2026]-[20:35:03]_surprise_RUNNING
[07:04:2026]-[20:35:03]_surprise_SUCCESS
[07:04:2026]-[20:35:13]_secret_RUNNING
[07:04:2026]-[20:35:13]_secret_SUCCESS
[07:04:2026]-[20:35:13]_surprise_RUNNING
[07:04:2026]-[20:35:13]_surprise_SUCCESS
[07:04:2026]-[20:35:23]_secret_RUNNING
[07:04:2026]-[20:35:23]_secret_SUCCESS
[07:04:2026]-[20:35:23]_surprise_RUNNING
[07:04:2026]-[20:35:23]_surprise_SUCCESS
[07:04:2026]-[20:35:33]_secret_RUNNING
[07:04:2026]-[20:35:33]_secret_SUCCESS
[07:04:2026]-[20:35:33]_surprise_RUNNING
[07:04:2026]-[20:35:33]_surprise_SUCCESS
[07:04:2026]-[20:35:44]_secret_RUNNING
[07:04:2026]-[20:35:44]_secret_SUCCESS
[07:04:2026]-[20:35:44]_surprise_RUNNING
[07:04:2026]-[20:35:44]_surprise_SUCCESS
[07:04:2026]-[20:35:54]_secret_RUNNING
[07:04:2026]-[20:35:54]_secret_SUCCESS
[07:04:2026]-[20:35:54]_surprise_RUNNING
[07:04:2026]-[20:35:54]_surprise_SUCCESS
[07:04:2026]-[20:36:04]_secret_RUNNING
[07:04:2026]-[20:36:04]_secret_SUCCESS
[07:04:2026]-[20:36:04]_surprise_RUNNING
[07:04:2026]-[20:36:04]_surprise_SUCCESS
[07:04:2026]-[20:36:14]_secret_RUNNING
[07:04:2026]-[20:36:14]_secret_SUCCESS
[07:04:2026]-[20:36:14]_surprise_RUNNING
[07:04:2026]-[20:36:14]_surprise_SUCCESS
[07:04:2026]-[20:36:24]_secret_RUNNING
[07:04:2026]-[20:36:24]_secret_SUCCESS
[07:04:2026]-[20:36:24]_surprise_RUNNING
[07:04:2026]-[20:36:24]_surprise_SUCCESS
[07:04:2026]-[20:36:34]_secret_RUNNING
[07:04:2026]-[20:36:34]_secret_SUCCESS
[07:04:2026]-[20:36:34]_surprise_RUNNING
[07:04:2026]-[20:36:34]_surprise_SUCCESS
[07:04:2026]-[20:36:44]_secret_RUNNING
[07:04:2026]-[20:36:44]_secret_SUCCESS
[07:04:2026]-[20:36:44]_surprise_RUNNING
[07:04:2026]-[20:36:44]_surprise_SUCCESS
[07:04:2026]-[20:36:54]_secret_RUNNING
[07:04:2026]-[20:36:54]_secret_SUCCESS
[07:04:2026]-[20:36:54]_surprise_RUNNING
[07:04:2026]-[20:36:54]_surprise_SUCCESS
[07:04:2026]-[20:37:04]_secret_RUNNING
[07:04:2026]-[20:37:04]_secret_SUCCESS
[07:04:2026]-[20:37:04]_surprise_RUNNING
[07:04:2026]-[20:37:04]_surprise_SUCCESS
[07:04:2026]-[20:37:14]_secret_RUNNING
[07:04:2026]-[20:37:14]_secret_SUCCESS
[07:04:2026]-[20:37:14]_surprise_RUNNING
[07:04:2026]-[20:37:14]_surprise_SUCCESS
[07:04:2026]-[20:37:24]_secret_RUNNING
[07:04:2026]-[20:37:24]_secret_SUCCESS
[07:04:2026]-[20:37:24]_surprise_RUNNING
[07:04:2026]-[20:37:24]_surprise_SUCCESS
[07:04:2026]-[20:37:34]_secret_RUNNING
[07:04:2026]-[20:37:34]_secret_SUCCESS
[07:04:2026]-[20:37:34]_surprise_RUNNING
[07:04:2026]-[20:37:34]_surprise_SUCCESS
[07:04:2026]-[20:37:44]_secret_RUNNING
[07:04:2026]-[20:37:44]_secret_SUCCESS
[07:04:2026]-[20:37:44]_surprise_RUNNING
[07:04:2026]-[20:37:44]_surprise_SUCCESS
[07:04:2026]-[20:37:54]_secret_RUNNING
[07:04:2026]-[20:37:54]_secret_SUCCESS
[07:04:2026]-[20:37:54]_surprise_RUNNING
[07:04:2026]-[20:37:54]_surprise_SUCCESS
[07:04:2026]-[20:38:04]_secret_RUNNING
[07:04:2026]-[20:38:04]_secret_SUCCESS
[07:04:2026]-[20:38:04]_surprise_RUNNING
[07:04:2026]-[20:38:04]_surprise_SUCCESS
[07:04:2026]-[20:38:14]_secret_RUNNING
[07:04:2026]-[20:38:14]_secret_SUCCESS
[07:04:2026]-[20:38:14]_surprise_RUNNING
[07:04:2026]-[20:38:14]_surprise_SUCCESS
[07:04:2026]-[20:38:24]_secret_RUNNING
[07:04:2026]-[20:38:24]_secret_SUCCESS
[07:04:2026]-[20:38:24]_surprise_RUNNING
[07:04:2026]-[20:38:24]_surprise_SUCCESS
[07:04:2026]-[20:38:34]_secret_RUNNING
[07:04:2026]-[20:38:34]_secret_SUCCESS
[07:04:2026]-[20:38:34]_surprise_RUNNING
[07:04:2026]-[20:38:34]_surprise_SUCCESS
[07:04:2026]-[20:38:44]_secret_RUNNING
[07:04:2026]-[20:38:44]_secret_SUCCESS
[07:04:2026]-[20:38:44]_surprise_RUNNING
[07:04:2026]-[20:38:44]_surprise_SUCCESS
[07:04:2026]-[20:38:54]_secret_RUNNING
[07:04:2026]-[20:38:54]_secret_SUCCESS
[07:04:2026]-[20:38:54]_surprise_RUNNING
[07:04:2026]-[20:38:54]_surprise_SUCCESS
[07:04:2026]-[20:39:04]_secret_RUNNING
[07:04:2026]-[20:39:04]_secret_SUCCESS
[07:04:2026]-[20:39:04]_surprise_RUNNING
[07:04:2026]-[20:39:04]_surprise_SUCCESS
[07:04:2026]-[20:39:14]_secret_RUNNING
[07:04:2026]-[20:39:14]_secret_SUCCESS
[07:04:2026]-[20:39:14]_surprise_RUNNING
[07:04:2026]-[20:39:14]_surprise_SUCCESS
[07:04:2026]-[20:39:24]_secret_RUNNING
[07:04:2026]-[20:39:24]_secret_SUCCESS
[07:04:2026]-[20:39:24]_surprise_RUNNING
[07:04:2026]-[20:39:24]_surprise_SUCCESS
[07:04:2026]-[20:39:34]_secret_RUNNING
[07:04:2026]-[20:39:34]_secret_SUCCESS
[07:04:2026]-[20:39:34]_surprise_RUNNING
[07:04:2026]-[20:39:34]_surprise_SUCCESS
[07:04:2026]-[20:39:44]_secret_RUNNING
[07:04:2026]-[20:39:44]_secret_SUCCESS
[07:04:2026]-[20:39:44]_surprise_RUNNING
[07:04:2026]-[20:39:44]_surprise_SUCCESS
[07:04:2026]-[20:39:54]_secret_RUNNING
[07:04:2026]-[20:39:54]_secret_SUCCESS
[07:04:2026]-[20:39:54]_surprise_RUNNING
[07:04:2026]-[20:39:54]_surprise_SUCCESS
[07:04:2026]-[20:40:04]_secret_RUNNING
[07:04:2026]-[20:40:04]_secret_SUCCESS
[07:04:2026]-[20:40:04]_surprise_RUNNING
[07:04:2026]-[20:40:04]_surprise_SUCCESS
[07:04:2026]-[20:40:14]_secret_RUNNING
[07:04:2026]-[20:40:14]_secret_SUCCESS
[07:04:2026]-[20:40:14]_surprise_RUNNING
[07:04:2026]-[20:40:14]_surprise_SUCCESS
[07:04:2026]-[20:40:24]_secret_RUNNING
[07:04:2026]-[20:40:24]_secret_SUCCESS
[07:04:2026]-[20:40:24]_surprise_RUNNING
[07:04:2026]-[20:40:24]_surprise_SUCCESS
[07:04:2026]-[20:40:34]_secret_RUNNING
[07:04:2026]-[20:40:34]_secret_SUCCESS
[07:04:2026]-[20:40:34]_surprise_RUNNING
[07:04:2026]-[20:40:35]_surprise_SUCCESS
[07:04:2026]-[20:40:45]_secret_RUNNING
[07:04:2026]-[20:40:45]_secret_SUCCESS
[07:04:2026]-[20:40:45]_surprise_RUNNING
[07:04:2026]-[20:40:45]_surprise_SUCCESS
[07:04:2026]-[20:40:55]_secret_RUNNING
[07:04:2026]-[20:40:55]_secret_SUCCESS
[07:04:2026]-[20:40:55]_surprise_RUNNING
[07:04:2026]-[20:40:55]_surprise_SUCCESS
[07:04:2026]-[20:41:05]_secret_RUNNING
[07:04:2026]-[20:41:05]_secret_SUCCESS
[07:04:2026]-[20:41:05]_surprise_RUNNING
[07:04:2026]-[20:41:05]_surprise_SUCCESS
[07:04:2026]-[20:41:15]_secret_RUNNING
[07:04:2026]-[20:41:15]_secret_SUCCESS
[07:04:2026]-[20:41:15]_surprise_RUNNING
[07:04:2026]-[20:41:15]_surprise_SUCCESS
[07:04:2026]-[20:41:25]_secret_RUNNING
[07:04:2026]-[20:41:25]_secret_SUCCESS
[07:04:2026]-[20:41:25]_surprise_RUNNING
[07:04:2026]-[20:41:25]_surprise_SUCCESS
[07:04:2026]-[20:41:35]_secret_RUNNING
[07:04:2026]-[20:41:35]_secret_SUCCESS
[07:04:2026]-[20:41:35]_surprise_RUNNING
[07:04:2026]-[20:41:35]_surprise_SUCCESS
[07:04:2026]-[20:41:45]_secret_RUNNING
[07:04:2026]-[20:41:45]_secret_SUCCESS
[07:04:2026]-[20:41:45]_surprise_RUNNING
[07:04:2026]-[20:41:45]_surprise_SUCCESS
[07:04:2026]-[20:41:55]_secret_RUNNING
[07:04:2026]-[20:41:55]_secret_SUCCESS
[07:04:2026]-[20:41:55]_surprise_RUNNING
[07:04:2026]-[20:41:55]_surprise_SUCCESS
[07:04:2026]-[20:42:05]_secret_RUNNING
[07:04:2026]-[20:42:05]_secret_SUCCESS
[07:04:2026]-[20:42:05]_surprise_RUNNING
[07:04:2026]-[20:42:05]_surprise_SUCCESS
[07:04:2026]-[20:42:15]_secret_RUNNING
[07:04:2026]-[20:42:15]_secret_SUCCESS
[07:04:2026]-[20:42:15]_surprise_RUNNING
[07:04:2026]-[20:42:15]_surprise_SUCCESS
[07:04:2026]-[20:42:25]_secret_RUNNING
[07:04:2026]-[20:42:25]_secret_SUCCESS
[07:04:2026]-[20:42:25]_surprise_RUNNING
[07:04:2026]-[20:42:25]_surprise_SUCCESS
[07:04:2026]-[20:42:35]_secret_RUNNING
[07:04:2026]-[20:42:35]_secret_SUCCESS
[07:04:2026]-[20:42:35]_surprise_RUNNING
[07:04:2026]-[20:42:35]_surprise_SUCCESS
[07:04:2026]-[20:42:45]_secret_RUNNING
[07:04:2026]-[20:42:45]_secret_SUCCESS
[07:04:2026]-[20:42:45]_surprise_RUNNING
[07:04:2026]-[20:42:45]_surprise_SUCCESS
[07:04:2026]-[20:42:55]_secret_RUNNING
[07:04:2026]-[20:42:55]_secret_SUCCESS
[07:04:2026]-[20:42:55]_surprise_RUNNING
[07:04:2026]-[20:42:55]_surprise_SUCCESS
[07:04:2026]-[20:43:05]_secret_RUNNING
[07:04:2026]-[20:43:05]_secret_SUCCESS
[07:04:2026]-[20:43:05]_surprise_RUNNING
[07:04:2026]-[20:43:05]_surprise_SUCCESS
[07:04:2026]-[20:43:15]_secret_RUNNING
[07:04:2026]-[20:43:15]_secret_SUCCESS
[07:04:2026]-[20:43:15]_surprise_RUNNING
[07:04:2026]-[20:43:15]_surprise_SUCCESS
[07:04:2026]-[20:43:25]_secret_RUNNING
[07:04:2026]-[20:43:25]_secret_SUCCESS
[07:04:2026]-[20:43:25]_surprise_RUNNING
[07:04:2026]-[20:43:25]_surprise_SUCCESS
[07:04:2026]-[20:43:35]_secret_RUNNING
[07:04:2026]-[20:43:35]_secret_SUCCESS
[07:04:2026]-[20:43:35]_surprise_RUNNING
[07:04:2026]-[20:43:35]_surprise_SUCCESS
[07:04:2026]-[20:43:45]_secret_RUNNING
[07:04:2026]-[20:43:45]_secret_SUCCESS
[07:04:2026]-[20:43:45]_surprise_RUNNING
[07:04:2026]-[20:43:45]_surprise_SUCCESS
[07:04:2026]-[20:43:55]_secret_RUNNING
[07:04:2026]-[20:43:55]_secret_SUCCESS
[07:04:2026]-[20:43:55]_surprise_RUNNING
[07:04:2026]-[20:43:55]_surprise_SUCCESS
[07:04:2026]-[20:44:05]_secret_RUNNING
[07:04:2026]-[20:44:05]_secret_SUCCESS
[07:04:2026]-[20:44:05]_surprise_RUNNING
[07:04:2026]-[20:44:05]_surprise_SUCCESS
[07:04:2026]-[20:44:15]_secret_RUNNING
[07:04:2026]-[20:44:15]_secret_SUCCESS
[07:04:2026]-[20:44:15]_surprise_RUNNING
[07:04:2026]-[20:44:15]_surprise_SUCCESS
[07:04:2026]-[20:44:25]_secret_RUNNING
[07:04:2026]-[20:44:25]_secret_SUCCESS
[07:04:2026]-[20:44:25]_surprise_RUNNING
[07:04:2026]-[20:44:25]_surprise_SUCCESS
[07:04:2026]-[20:44:35]_secret_RUNNING
[07:04:2026]-[20:44:35]_secret_SUCCESS
[07:04:2026]-[20:44:35]_surprise_RUNNING
[07:04:2026]-[20:44:35]_surprise_SUCCESS
[07:04:2026]-[20:44:45]_secret_RUNNING
[07:04:2026]-[20:44:45]_secret_SUCCESS
[07:04:2026]-[20:44:45]_surprise_RUNNING
[07:04:2026]-[20:44:45]_surprise_SUCCESS
[07:04:2026]-[20:44:55]_secret_RUNNING
[07:04:2026]-[20:44:55]_secret_SUCCESS
[07:04:2026]-[20:44:55]_surprise_RUNNING
[07:04:2026]-[20:44:55]_surprise_SUCCESS
[07:04:2026]-[20:45:05]_secret_RUNNING
[07:04:2026]-[20:45:05]_secret_SUCCESS
[07:04:2026]-[20:45:05]_surprise_RUNNING
[07:04:2026]-[20:45:05]_surprise_SUCCESS
[07:04:2026]-[20:45:15]_secret_RUNNING
[07:04:2026]-[20:45:15]_secret_SUCCESS
[07:04:2026]-[20:45:15]_surprise_RUNNING
[07:04:2026]-[20:45:15]_surprise_SUCCESS
[07:04:2026]-[20:45:25]_secret_RUNNING
[07:04:2026]-[20:45:25]_secret_SUCCESS
[07:04:2026]-[20:45:25]_surprise_RUNNING
[07:04:2026]-[20:45:25]_surprise_SUCCESS
[07:04:2026]-[20:45:35]_secret_RUNNING
[07:04:2026]-[20:45:35]_secret_SUCCESS
[07:04:2026]-[20:45:35]_surprise_RUNNING
[07:04:2026]-[20:45:36]_surprise_SUCCESS
[07:04:2026]-[20:45:46]_secret_RUNNING
[07:04:2026]-[20:45:46]_secret_SUCCESS
[07:04:2026]-[20:45:46]_surprise_RUNNING
[07:04:2026]-[20:45:46]_surprise_SUCCESS
[07:04:2026]-[20:45:56]_secret_RUNNING
[07:04:2026]-[20:45:56]_secret_SUCCESS
[07:04:2026]-[20:45:56]_surprise_RUNNING
[07:04:2026]-[20:45:56]_surprise_SUCCESS
[07:04:2026]-[20:46:06]_secret_RUNNING
[07:04:2026]-[20:46:06]_secret_SUCCESS
[07:04:2026]-[20:46:06]_surprise_RUNNING
[07:04:2026]-[20:46:06]_surprise_SUCCESS
[07:04:2026]-[20:46:16]_secret_RUNNING
[07:04:2026]-[20:46:16]_secret_SUCCESS
[07:04:2026]-[20:46:16]_surprise_RUNNING
[07:04:2026]-[20:46:16]_surprise_SUCCESS
[07:04:2026]-[20:46:26]_secret_RUNNING
[07:04:2026]-[20:46:26]_secret_SUCCESS
[07:04:2026]-[20:46:26]_surprise_RUNNING
[07:04:2026]-[20:46:26]_surprise_SUCCESS
[07:04:2026]-[20:46:36]_secret_RUNNING
[07:04:2026]-[20:46:36]_secret_SUCCESS
[07:04:2026]-[20:46:36]_surprise_RUNNING
[07:04:2026]-[20:46:36]_surprise_SUCCESS
[07:04:2026]-[20:46:46]_secret_RUNNING
[07:04:2026]-[20:46:46]_secret_SUCCESS
[07:04:2026]-[20:46:46]_surprise_RUNNING
[07:04:2026]-[20:46:46]_surprise_SUCCESS
[07:04:2026]-[20:46:56]_secret_RUNNING
[07:04:2026]-[20:46:56]_secret_SUCCESS
[07:04:2026]-[20:46:56]_surprise_RUNNING
[07:04:2026]-[20:46:56]_surprise_SUCCESS
[07:04:2026]-[20:47:06]_secret_RUNNING
[07:04:2026]-[20:47:06]_secret_SUCCESS
[07:04:2026]-[20:47:06]_surprise_RUNNING
[07:04:2026]-[20:47:06]_surprise_SUCCESS
[07:04:2026]-[20:47:16]_secret_RUNNING
[07:04:2026]-[20:47:16]_secret_SUCCESS
[07:04:2026]-[20:47:16]_surprise_RUNNING
[07:04:2026]-[20:47:16]_surprise_SUCCESS
[07:04:2026]-[20:47:26]_secret_RUNNING
[07:04:2026]-[20:47:26]_secret_SUCCESS
[07:04:2026]-[20:47:26]_surprise_RUNNING
[07:04:2026]-[20:47:26]_surprise_SUCCESS
[07:04:2026]-[20:47:36]_secret_RUNNING
[07:04:2026]-[20:47:36]_secret_SUCCESS
[07:04:2026]-[20:47:36]_surprise_RUNNING
[07:04:2026]-[20:47:36]_surprise_SUCCESS
[07:04:2026]-[20:47:46]_secret_RUNNING
[07:04:2026]-[20:47:46]_secret_SUCCESS
[07:04:2026]-[20:47:46]_surprise_RUNNING
[07:04:2026]-[20:47:46]_surprise_SUCCESS
[07:04:2026]-[20:47:56]_secret_RUNNING
[07:04:2026]-[20:47:56]_secret_SUCCESS
[07:04:2026]-[20:47:56]_surprise_RUNNING
[07:04:2026]-[20:47:56]_surprise_SUCCESS
[07:04:2026]-[20:48:06]_secret_RUNNING
[07:04:2026]-[20:48:06]_secret_SUCCESS
[07:04:2026]-[20:48:06]_surprise_RUNNING
[07:04:2026]-[20:48:06]_surprise_SUCCESS
[07:04:2026]-[20:48:16]_secret_RUNNING
[07:04:2026]-[20:48:16]_secret_SUCCESS
[07:04:2026]-[20:48:16]_surprise_RUNNING
[07:04:2026]-[20:48:16]_surprise_SUCCESS
[07:04:2026]-[20:48:26]_secret_RUNNING
[07:04:2026]-[20:48:26]_secret_SUCCESS
[07:04:2026]-[20:48:26]_surprise_RUNNING
[07:04:2026]-[20:48:26]_surprise_SUCCESS
[07:04:2026]-[20:48:36]_secret_RUNNING
[07:04:2026]-[20:48:36]_secret_SUCCESS
[07:04:2026]-[20:48:36]_surprise_RUNNING
[07:04:2026]-[20:48:36]_surprise_SUCCESS
[07:04:2026]-[20:48:46]_secret_RUNNING
[07:04:2026]-[20:48:46]_secret_SUCCESS
[07:04:2026]-[20:48:46]_surprise_RUNNING
[07:04:2026]-[20:48:46]_surprise_SUCCESS
[07:04:2026]-[20:48:56]_secret_RUNNING
[07:04:2026]-[20:48:56]_secret_SUCCESS
[07:04:2026]-[20:48:56]_surprise_RUNNING
[07:04:2026]-[20:48:56]_surprise_SUCCESS
[07:04:2026]-[20:49:06]_secret_RUNNING
[07:04:2026]-[20:49:06]_secret_SUCCESS
[07:04:2026]-[20:49:06]_surprise_RUNNING
[07:04:2026]-[20:49:06]_surprise_SUCCESS
[07:04:2026]-[20:49:16]_secret_RUNNING
[07:04:2026]-[20:49:16]_secret_SUCCESS
[07:04:2026]-[20:49:16]_surprise_RUNNING
[07:04:2026]-[20:49:16]_surprise_SUCCESS
[07:04:2026]-[20:49:26]_secret_RUNNING
[07:04:2026]-[20:49:26]_secret_SUCCESS
[07:04:2026]-[20:49:26]_surprise_RUNNING
[07:04:2026]-[20:49:26]_surprise_SUCCESS
[07:04:2026]-[20:49:36]_secret_RUNNING
[07:04:2026]-[20:49:36]_secret_SUCCESS
[07:04:2026]-[20:49:36]_surprise_RUNNING
[07:04:2026]-[20:49:36]_surprise_SUCCESS
[07:04:2026]-[20:49:46]_secret_RUNNING
[07:04:2026]-[20:49:46]_secret_SUCCESS
[07:04:2026]-[20:49:46]_surprise_RUNNING
[07:04:2026]-[20:49:46]_surprise_SUCCESS
[07:04:2026]-[20:49:56]_secret_RUNNING
[07:04:2026]-[20:49:56]_secret_SUCCESS
[07:04:2026]-[20:49:56]_surprise_RUNNING
[07:04:2026]-[20:49:56]_surprise_SUCCESS
[07:04:2026]-[20:50:06]_secret_RUNNING
[07:04:2026]-[20:50:06]_secret_SUCCESS
[07:04:2026]-[20:50:06]_surprise_RUNNING
[07:04:2026]-[20:50:06]_surprise_SUCCESS
[07:04:2026]-[20:50:17]_secret_RUNNING
[07:04:2026]-[20:50:17]_secret_SUCCESS
[07:04:2026]-[20:50:17]_surprise_RUNNING
[07:04:2026]-[20:50:17]_surprise_SUCCESS
[07:04:2026]-[20:50:27]_secret_RUNNING
[07:04:2026]-[20:50:27]_secret_SUCCESS
[07:04:2026]-[20:50:27]_surprise_RUNNING
[07:04:2026]-[20:50:27]_surprise_SUCCESS
[07:04:2026]-[20:50:37]_secret_RUNNING
[07:04:2026]-[20:50:37]_secret_SUCCESS
[07:04:2026]-[20:50:37]_surprise_RUNNING
[07:04:2026]-[20:50:37]_surprise_SUCCESS
[07:04:2026]-[20:50:47]_secret_RUNNING
[07:04:2026]-[20:50:47]_secret_SUCCESS
[07:04:2026]-[20:50:47]_surprise_RUNNING
[07:04:2026]-[20:50:47]_surprise_SUCCESS
[07:04:2026]-[20:50:57]_secret_RUNNING
[07:04:2026]-[20:50:57]_secret_SUCCESS
[07:04:2026]-[20:50:57]_surprise_RUNNING
[07:04:2026]-[20:50:57]_surprise_SUCCESS
[07:04:2026]-[20:51:07]_secret_RUNNING
[07:04:2026]-[20:51:07]_secret_SUCCESS
[07:04:2026]-[20:51:07]_surprise_RUNNING
[07:04:2026]-[20:51:07]_surprise_SUCCESS
[07:04:2026]-[20:51:17]_secret_RUNNING
[07:04:2026]-[20:51:17]_secret_SUCCESS
[07:04:2026]-[20:51:17]_surprise_RUNNING
[07:04:2026]-[20:51:17]_surprise_SUCCESS
[07:04:2026]-[20:51:27]_secret_RUNNING
[07:04:2026]-[20:51:27]_secret_SUCCESS
[07:04:2026]-[20:51:27]_surprise_RUNNING
[07:04:2026]-[20:51:27]_surprise_SUCCESS
[07:04:2026]-[20:52:34]_secret_RUNNING
[07:04:2026]-[20:52:34]_secret_SUCCESS
[07:04:2026]-[20:52:34]_surprise_RUNNING
[07:04:2026]-[20:52:35]_surprise_SUCCESS
[07:04:2026]-[20:52:45]_secret_RUNNING
[07:04:2026]-[20:52:45]_secret_SUCCESS
[07:04:2026]-[20:52:45]_surprise_RUNNING
[07:04:2026]-[20:52:45]_surprise_SUCCESS
[07:04:2026]-[20:53:34]_secret_RUNNING
[07:04:2026]-[20:53:34]_secret_SUCCESS
[07:04:2026]-[20:53:34]_surprise_RUNNING
[07:04:2026]-[20:53:34]_surprise_SUCCESS
[07:04:2026]-[22:16:30]_secret_RUNNING
[07:04:2026]-[22:16:30]_secret_SUCCESS
[07:04:2026]-[22:16:30]_surprise_RUNNING
[07:04:2026]-[22:16:30]_surprise_SUCCESS
[07:04:2026]-[22:16:40]_secret_RUNNING
[07:04:2026]-[22:16:40]_secret_SUCCESS
[07:04:2026]-[22:16:40]_surprise_RUNNING
[07:04:2026]-[22:16:40]_surprise_SUCCESS
[07:04:2026]-[22:16:50]_secret_RUNNING
[07:04:2026]-[22:16:50]_secret_SUCCESS
[07:04:2026]-[22:16:50]_surprise_RUNNING
[07:04:2026]-[22:16:50]_surprise_SUCCESS
[07:04:2026]-[22:17:00]_secret_RUNNING
[07:04:2026]-[22:17:00]_secret_SUCCESS
[07:04:2026]-[22:17:00]_surprise_RUNNING
[07:04:2026]-[22:17:00]_surprise_SUCCESS
[07:04:2026]-[22:17:10]_secret_RUNNING
[07:04:2026]-[22:17:10]_secret_SUCCESS
[07:04:2026]-[22:17:10]_surprise_RUNNING
[07:04:2026]-[22:17:10]_surprise_SUCCESS
[07:04:2026]-[22:17:20]_secret_RUNNING
[07:04:2026]-[22:17:20]_secret_SUCCESS
[07:04:2026]-[22:17:20]_surprise_RUNNING
[07:04:2026]-[22:17:20]_surprise_SUCCESS
[07:04:2026]-[22:17:30]_secret_RUNNING
[07:04:2026]-[22:17:30]_secret_SUCCESS
[07:04:2026]-[22:17:30]_surprise_RUNNING
[07:04:2026]-[22:17:30]_surprise_SUCCESS
[07:04:2026]-[22:17:40]_secret_RUNNING
[07:04:2026]-[22:17:40]_secret_SUCCESS
[07:04:2026]-[22:17:40]_surprise_RUNNING
[07:04:2026]-[22:17:40]_surprise_SUCCESS
[07:04:2026]-[22:17:50]_secret_RUNNING
[07:04:2026]-[22:17:50]_secret_SUCCESS
[07:04:2026]-[22:17:50]_surprise_RUNNING
[07:04:2026]-[22:17:50]_surprise_SUCCESS
[07:04:2026]-[22:18:00]_secret_RUNNING
[07:04:2026]-[22:18:00]_secret_SUCCESS
[07:04:2026]-[22:18:00]_surprise_RUNNING
[07:04:2026]-[22:18:00]_surprise_SUCCESS
[08:04:2026]-[06:55:08]_secret_RUNNING
[08:04:2026]-[06:55:08]_secret_SUCCESS
[08:04:2026]-[06:55:08]_surprise_RUNNING
[08:04:2026]-[06:55:08]_surprise_SUCCESS
[08:04:2026]-[06:55:18]_secret_RUNNING
[08:04:2026]-[06:55:18]_secret_SUCCESS
[08:04:2026]-[06:55:18]_surprise_RUNNING
[08:04:2026]-[06:55:18]_surprise_SUCCESS
[08:04:2026]-[14:07:51]_secret_RUNNING
[08:04:2026]-[14:07:51]_secret_SUCCESS
[08:04:2026]-[14:07:51]_surprise_RUNNING
[08:04:2026]-[14:07:51]_surprise_SUCCESS
[08:04:2026]-[14:08:01]_secret_RUNNING
[08:04:2026]-[14:08:01]_secret_SUCCESS
[08:04:2026]-[14:08:01]_surprise_RUNNING
[08:04:2026]-[14:08:01]_surprise_SUCCESS
[08:04:2026]-[14:08:11]_secret_RUNNING
[08:04:2026]-[14:08:11]_secret_SUCCESS
[08:04:2026]-[14:08:11]_surprise_RUNNING
[08:04:2026]-[14:08:11]_surprise_SUCCESS
[08:04:2026]-[14:08:22]_secret_RUNNING
[08:04:2026]-[14:08:22]_secret_SUCCESS
[08:04:2026]-[14:08:22]_surprise_RUNNING
[08:04:2026]-[14:08:22]_surprise_SUCCESS
[08:04:2026]-[14:08:32]_secret_RUNNING
[08:04:2026]-[14:08:32]_secret_SUCCESS
[08:04:2026]-[14:08:32]_surprise_RUNNING
[08:04:2026]-[14:08:32]_surprise_SUCCESS
                                     